[0.006s] Invoking command in '/home/robot/Desktop/workspace/TSPML/script/ref/rclpy_ws/build/rclpy': CMAKE_PREFIX_PATH=/opt/ros/humble CONDA_PROMPT_MODIFIER=(base) /usr/bin/cmake /home/robot/Desktop/workspace/TSPML/script/ref/rclpy_ws/src/rclpy/rclpy -DAMENT_CMAKE_SYMLINK_INSTALL=1 -DCMAKE_INSTALL_PREFIX=/home/robot/Desktop/workspace/TSPML/script/ref/rclpy_ws/install/rclpy
[0.078s] -- The C compiler identification is GNU 11.4.0
[0.128s] -- The CXX compiler identification is GNU 11.4.0
[0.133s] -- Detecting C compiler ABI info
[0.169s] -- Detecting C compiler ABI info - done
[0.173s] -- Check for working C compiler: /usr/bin/cc - skipped
[0.173s] -- Detecting C compile features
[0.173s] -- Detecting C compile features - done
[0.175s] -- Detecting CXX compiler ABI info
[0.215s] -- Detecting CXX compiler ABI info - done
[0.219s] -- Check for working CXX compiler: /usr/bin/c++ - skipped
[0.219s] -- Detecting CXX compile features
[0.219s] -- Detecting CXX compile features - done
[0.220s] -- Found ament_cmake: 1.3.5 (/opt/ros/humble/share/ament_cmake/cmake)
[0.383s] -- Found Python3: /home/robot/mambaforge/bin/python3.10 (found version "3.10.12") found components: Interpreter 
[0.415s] -- Override CMake install command with custom implementation using symlinks instead of copying resources
[0.424s] -- Found lifecycle_msgs: 1.2.1 (/opt/ros/humble/share/lifecycle_msgs/cmake)
[0.438s] -- Found rosidl_generator_c: 3.1.5 (/opt/ros/humble/share/rosidl_generator_c/cmake)
[0.440s] -- Found rosidl_adapter: 3.1.5 (/opt/ros/humble/share/rosidl_adapter/cmake)
[0.444s] -- Found rosidl_generator_cpp: 3.1.5 (/opt/ros/humble/share/rosidl_generator_cpp/cmake)
[0.450s] -- Using all available rosidl_typesupport_c: rosidl_typesupport_fastrtps_c;rosidl_typesupport_introspection_c
[0.459s] -- Using all available rosidl_typesupport_cpp: rosidl_typesupport_fastrtps_cpp;rosidl_typesupport_introspection_cpp
[0.467s] -- Found rcl: 5.3.4 (/opt/ros/humble/share/rcl/cmake)
[0.502s] -- Found rmw_implementation_cmake: 6.1.1 (/opt/ros/humble/share/rmw_implementation_cmake/cmake)
[0.503s] -- Found rmw_fastrtps_cpp: 6.2.3 (/opt/ros/humble/share/rmw_fastrtps_cpp/cmake)
[0.550s] -- Found OpenSSL: /usr/lib/x86_64-linux-gnu/libcrypto.so (found version "3.0.2")  
[0.562s] -- Found FastRTPS: /opt/ros/humble/include  
[0.584s] -- Using RMW implementation 'rmw_fastrtps_cpp' as default
[0.589s] -- Looking for pthread.h
[0.630s] -- Looking for pthread.h - found
[0.630s] -- Performing Test CMAKE_HAVE_LIBC_PTHREAD
[0.666s] -- Performing Test CMAKE_HAVE_LIBC_PTHREAD - Success
[0.667s] -- Found Threads: TRUE  
[0.671s] -- Found rcl_action: 5.3.4 (/opt/ros/humble/share/rcl_action/cmake)
[0.713s] -- Found rcl_lifecycle: 5.3.4 (/opt/ros/humble/share/rcl_lifecycle/cmake)
[0.976s] -- Found Python3: /home/robot/mambaforge/bin/python3.10 (found version "3.10.12") found components: Interpreter Development Development.Module Development.Embed 
[0.977s] -- Found pybind11_vendor: 2.4.2 (/opt/ros/humble/share/pybind11_vendor/cmake)
[0.995s] -- Performing Test HAS_FLTO
[1.070s] -- Performing Test HAS_FLTO - Success
[1.070s] -- Found pybind11: /usr/include (found version "2.9.1")
[1.126s] -- Found ament_lint_auto: 0.12.7 (/opt/ros/humble/share/ament_lint_auto/cmake)
[1.185s] -- Found gtest sources under '/opt/ros/humble/src/gtest_vendor': C++ tests using 'Google Test' will be built
[7.288s] -- Added test 'copyright' to check source files copyright and LICENSE
[7.291s] -- Added test 'cpplint' to check C / C++ code against the Google style
[7.291s] -- Configured cpplint exclude dirs and/or files: 
[7.291s] -- Added test 'flake8' to check Python code syntax and style conventions
[7.292s] -- Added test 'lint_cmake' to check CMake code style
[7.292s] -- Added test 'pep257' to check Python code against some of the docstring style conventions in PEP 257
[7.295s] -- Added test 'uncrustify' to check C / C++ code style
[7.295s] -- Configured uncrustify additional arguments: 
[7.295s] -- Added test 'xmllint' to check XML markup files
[7.296s] -- Configuring done
[7.310s] [33mCMake Warning at /usr/share/cmake-3.22/Modules/FindPython/Support.cmake:3330 (add_library):
[7.310s]   Cannot generate a safe runtime search path for target _rclpy_pybind11
[7.310s]   because files in some directories may conflict with libraries in implicit
[7.310s]   directories:
[7.310s] 
[7.310s]     runtime library [libpython3.10.so.1.0] in /usr/lib/x86_64-linux-gnu may be hidden by files in:
[7.310s]       /home/robot/mambaforge/lib
[7.310s] 
[7.310s]   Some of these libraries may not be found correctly.
[7.310s] Call Stack (most recent call first):
[7.310s]   /usr/share/cmake-3.22/Modules/FindPython3.cmake:494 (__Python3_add_library)
[7.310s]   /usr/lib/cmake/pybind11/pybind11NewTools.cmake:207 (python3_add_library)
[7.310s]   CMakeLists.txt:73 (pybind11_add_module)
[7.310s] 
[7.310s] [0m
[7.313s] -- Generating done
[7.314s] -- Build files have been written to: /home/robot/Desktop/workspace/TSPML/script/ref/rclpy_ws/build/rclpy
[7.320s] Invoked command in '/home/robot/Desktop/workspace/TSPML/script/ref/rclpy_ws/build/rclpy' returned '0': CMAKE_PREFIX_PATH=/opt/ros/humble CONDA_PROMPT_MODIFIER=(base) /usr/bin/cmake /home/robot/Desktop/workspace/TSPML/script/ref/rclpy_ws/src/rclpy/rclpy -DAMENT_CMAKE_SYMLINK_INSTALL=1 -DCMAKE_INSTALL_PREFIX=/home/robot/Desktop/workspace/TSPML/script/ref/rclpy_ws/install/rclpy
[7.321s] Invoking command in '/home/robot/Desktop/workspace/TSPML/script/ref/rclpy_ws/build/rclpy': CMAKE_PREFIX_PATH=/opt/ros/humble CONDA_PROMPT_MODIFIER=(base) /usr/bin/cmake --build /home/robot/Desktop/workspace/TSPML/script/ref/rclpy_ws/build/rclpy -- -j20 -l20
[7.346s] [  2%] [32mBuilding CXX object gtest/CMakeFiles/gtest_main.dir/src/gtest_main.cc.o[0m
[7.346s] [  5%] [32mBuilding CXX object CMakeFiles/_rclpy_pybind11.dir/src/rclpy/_rclpy_logging.cpp.o[0m
[7.346s] [  8%] [32mBuilding CXX object CMakeFiles/_rclpy_pybind11.dir/src/rclpy/_rclpy_pybind11.cpp.o[0m
[7.347s] [ 10%] [32mBuilding CXX object CMakeFiles/_rclpy_pybind11.dir/src/rclpy/destroyable.cpp.o[0m
[7.348s] [ 13%] [32mBuilding CXX object CMakeFiles/_rclpy_pybind11.dir/src/rclpy/action_client.cpp.o[0m
[7.348s] [ 16%] [32mBuilding CXX object CMakeFiles/_rclpy_pybind11.dir/src/rclpy/context.cpp.o[0m
[7.349s] [ 18%] [32mBuilding CXX object gtest/CMakeFiles/gtest.dir/src/gtest-all.cc.o[0m
[7.349s] [ 21%] [32mBuilding CXX object CMakeFiles/_rclpy_pybind11.dir/src/rclpy/names.cpp.o[0m
[7.349s] [ 27%] [32mBuilding CXX object CMakeFiles/_rclpy_pybind11.dir/src/rclpy/duration.cpp.o[0m
[7.349s] [ 27%] [32mBuilding CXX object CMakeFiles/_rclpy_pybind11.dir/src/rclpy/graph.cpp.o[0m
[7.349s] [ 29%] [32mBuilding CXX object CMakeFiles/_rclpy_pybind11.dir/src/rclpy/action_server.cpp.o[0m
[7.349s] [ 32%] [32mBuilding CXX object CMakeFiles/_rclpy_pybind11.dir/src/rclpy/clock.cpp.o[0m
[7.350s] [ 35%] [32mBuilding CXX object CMakeFiles/_rclpy_pybind11.dir/src/rclpy/guard_condition.cpp.o[0m
[7.351s] [ 37%] [32mBuilding CXX object CMakeFiles/_rclpy_pybind11.dir/src/rclpy/action_goal_handle.cpp.o[0m
[7.351s] [ 40%] [32mBuilding CXX object CMakeFiles/_rclpy_pybind11.dir/src/rclpy/client.cpp.o[0m
[7.351s] [ 43%] [32mBuilding CXX object CMakeFiles/_rclpy_pybind11.dir/src/rclpy/exceptions.cpp.o[0m
[7.351s] [ 48%] [32mBuilding CXX object CMakeFiles/_rclpy_pybind11.dir/src/rclpy/clock_event.cpp.o[0m
[7.351s] [ 48%] [32mBuilding CXX object CMakeFiles/_rclpy_pybind11.dir/src/rclpy/lifecycle.cpp.o[0m
[7.352s] [ 51%] [32mBuilding CXX object CMakeFiles/_rclpy_pybind11.dir/src/rclpy/logging.cpp.o[0m
[7.355s] [ 51%] Built target ament_cmake_python_symlink_rclpy
[7.363s] [ 54%] [32mBuilding CXX object CMakeFiles/_rclpy_pybind11.dir/src/rclpy/node.cpp.o[0m
[7.568s] [ 56%] [32mBuilding CXX object CMakeFiles/_rclpy_pybind11.dir/src/rclpy/publisher.cpp.o[0m
[8.256s] [ 59%] [32m[1mLinking CXX static library libgtest_main.a[0m
[8.423s] [ 59%] Built target gtest_main
[8.595s] running egg_info
[8.596s] creating rclpy.egg-info
[8.603s] writing rclpy.egg-info/PKG-INFO
[8.603s] writing dependency_links to rclpy.egg-info/dependency_links.txt
[8.604s] writing top-level names to rclpy.egg-info/top_level.txt
[8.604s] writing manifest file 'rclpy.egg-info/SOURCES.txt'
[8.627s] reading manifest file 'rclpy.egg-info/SOURCES.txt'
[8.628s] writing manifest file 'rclpy.egg-info/SOURCES.txt'
[8.692s] [ 59%] Built target ament_cmake_python_build_rclpy_egg
[8.701s] [ 62%] [32mBuilding CXX object CMakeFiles/_rclpy_pybind11.dir/src/rclpy/qos.cpp.o[0m
[8.947s] [ 64%] [32mBuilding CXX object CMakeFiles/_rclpy_pybind11.dir/src/rclpy/qos_event.cpp.o[0m
[8.964s] [ 67%] [32mBuilding CXX object CMakeFiles/_rclpy_pybind11.dir/src/rclpy/serialization.cpp.o[0m
[9.413s] [ 70%] [32mBuilding CXX object CMakeFiles/_rclpy_pybind11.dir/src/rclpy/service.cpp.o[0m
[9.460s] [ 72%] [32mBuilding CXX object CMakeFiles/_rclpy_pybind11.dir/src/rclpy/service_info.cpp.o[0m
[9.693s] [ 75%] [32mBuilding CXX object CMakeFiles/_rclpy_pybind11.dir/src/rclpy/signal_handler.cpp.o[0m
[9.702s] [ 78%] [32mBuilding CXX object CMakeFiles/_rclpy_pybind11.dir/src/rclpy/subscription.cpp.o[0m
[9.759s] [ 83%] [32mBuilding CXX object CMakeFiles/_rclpy_pybind11.dir/src/rclpy/timer.cpp.o[0m
[9.759s] [ 83%] [32mBuilding CXX object CMakeFiles/_rclpy_pybind11.dir/src/rclpy/time_point.cpp.o[0m
[9.824s] [ 86%] [32mBuilding CXX object CMakeFiles/_rclpy_pybind11.dir/src/rclpy/utils.cpp.o[0m
[9.832s] [ 89%] [32mBuilding CXX object CMakeFiles/_rclpy_pybind11.dir/src/rclpy/wait_set.cpp.o[0m
[10.667s] [ 91%] [32m[1mLinking CXX static library libgtest.a[0m
[10.738s] [ 91%] Built target gtest
[10.756s] [ 94%] [32mBuilding CXX object CMakeFiles/test_python_allocator.dir/test/test_python_allocator.cpp.o[0m
[11.871s] [ 97%] [32m[1mLinking CXX shared library test_rclpy/_rclpy_pybind11.cpython-310-x86_64-linux-gnu.so[0m
[12.624s] [100%] [32m[1mLinking CXX executable test_python_allocator[0m
[12.722s] [100%] Built target test_python_allocator
[13.046s] lto-wrapper: warning: using serial compilation of 3 LTRANS jobs
[18.405s] [100%] Built target _rclpy_pybind11
[18.414s] Invoked command in '/home/robot/Desktop/workspace/TSPML/script/ref/rclpy_ws/build/rclpy' returned '0': CMAKE_PREFIX_PATH=/opt/ros/humble CONDA_PROMPT_MODIFIER=(base) /usr/bin/cmake --build /home/robot/Desktop/workspace/TSPML/script/ref/rclpy_ws/build/rclpy -- -j20 -l20
[18.458s] Invoking command in '/home/robot/Desktop/workspace/TSPML/script/ref/rclpy_ws/build/rclpy': CMAKE_PREFIX_PATH=/opt/ros/humble CONDA_PROMPT_MODIFIER=(base) /usr/bin/cmake --install /home/robot/Desktop/workspace/TSPML/script/ref/rclpy_ws/build/rclpy
[18.462s] -- Install configuration: ""
[18.462s] -- Execute custom install script
[18.462s] -- Symlinking: /home/robot/Desktop/workspace/TSPML/script/ref/rclpy_ws/install/rclpy/share/rclpy/environment/pythonpath.sh
[18.466s] -- Symlinking: /home/robot/Desktop/workspace/TSPML/script/ref/rclpy_ws/install/rclpy/share/rclpy/environment/pythonpath.dsv
[18.470s] -- Symlinking: /home/robot/Desktop/workspace/TSPML/script/ref/rclpy_ws/install/rclpy/lib/python3.10/site-packages/rclpy-3.3.9-py3.10.egg-info/PKG-INFO
[18.474s] -- Symlinking: /home/robot/Desktop/workspace/TSPML/script/ref/rclpy_ws/install/rclpy/lib/python3.10/site-packages/rclpy-3.3.9-py3.10.egg-info/SOURCES.txt
[18.478s] -- Symlinking: /home/robot/Desktop/workspace/TSPML/script/ref/rclpy_ws/install/rclpy/lib/python3.10/site-packages/rclpy-3.3.9-py3.10.egg-info/dependency_links.txt
[18.482s] -- Symlinking: /home/robot/Desktop/workspace/TSPML/script/ref/rclpy_ws/install/rclpy/lib/python3.10/site-packages/rclpy-3.3.9-py3.10.egg-info/top_level.txt
[18.486s] -- Symlinking: /home/robot/Desktop/workspace/TSPML/script/ref/rclpy_ws/install/rclpy/lib/python3.10/site-packages/rclpy/__init__.py
[18.490s] -- Symlinking: /home/robot/Desktop/workspace/TSPML/script/ref/rclpy_ws/install/rclpy/lib/python3.10/site-packages/rclpy/action/__init__.py
[18.494s] -- Symlinking: /home/robot/Desktop/workspace/TSPML/script/ref/rclpy_ws/install/rclpy/lib/python3.10/site-packages/rclpy/action/client.py
[18.498s] -- Symlinking: /home/robot/Desktop/workspace/TSPML/script/ref/rclpy_ws/install/rclpy/lib/python3.10/site-packages/rclpy/action/graph.py
[18.502s] -- Symlinking: /home/robot/Desktop/workspace/TSPML/script/ref/rclpy_ws/install/rclpy/lib/python3.10/site-packages/rclpy/action/server.py
[18.506s] -- Symlinking: /home/robot/Desktop/workspace/TSPML/script/ref/rclpy_ws/install/rclpy/lib/python3.10/site-packages/rclpy/callback_groups.py
[18.510s] -- Symlinking: /home/robot/Desktop/workspace/TSPML/script/ref/rclpy_ws/install/rclpy/lib/python3.10/site-packages/rclpy/client.py
[18.513s] -- Symlinking: /home/robot/Desktop/workspace/TSPML/script/ref/rclpy_ws/install/rclpy/lib/python3.10/site-packages/rclpy/clock.py
[18.517s] -- Symlinking: /home/robot/Desktop/workspace/TSPML/script/ref/rclpy_ws/install/rclpy/lib/python3.10/site-packages/rclpy/constants.py
[18.521s] -- Symlinking: /home/robot/Desktop/workspace/TSPML/script/ref/rclpy_ws/install/rclpy/lib/python3.10/site-packages/rclpy/context.py
[18.525s] -- Symlinking: /home/robot/Desktop/workspace/TSPML/script/ref/rclpy_ws/install/rclpy/lib/python3.10/site-packages/rclpy/duration.py
[18.528s] -- Symlinking: /home/robot/Desktop/workspace/TSPML/script/ref/rclpy_ws/install/rclpy/lib/python3.10/site-packages/rclpy/exceptions.py
[18.532s] -- Symlinking: /home/robot/Desktop/workspace/TSPML/script/ref/rclpy_ws/install/rclpy/lib/python3.10/site-packages/rclpy/executors.py
[18.536s] -- Symlinking: /home/robot/Desktop/workspace/TSPML/script/ref/rclpy_ws/install/rclpy/lib/python3.10/site-packages/rclpy/expand_topic_name.py
[18.540s] -- Symlinking: /home/robot/Desktop/workspace/TSPML/script/ref/rclpy_ws/install/rclpy/lib/python3.10/site-packages/rclpy/guard_condition.py
[18.544s] -- Symlinking: /home/robot/Desktop/workspace/TSPML/script/ref/rclpy_ws/install/rclpy/lib/python3.10/site-packages/rclpy/impl/__init__.py
[18.548s] -- Symlinking: /home/robot/Desktop/workspace/TSPML/script/ref/rclpy_ws/install/rclpy/lib/python3.10/site-packages/rclpy/impl/implementation_singleton.py
[18.551s] -- Symlinking: /home/robot/Desktop/workspace/TSPML/script/ref/rclpy_ws/install/rclpy/lib/python3.10/site-packages/rclpy/impl/logging_severity.py
[18.555s] -- Symlinking: /home/robot/Desktop/workspace/TSPML/script/ref/rclpy_ws/install/rclpy/lib/python3.10/site-packages/rclpy/impl/rcutils_logger.py
[18.559s] -- Symlinking: /home/robot/Desktop/workspace/TSPML/script/ref/rclpy_ws/install/rclpy/lib/python3.10/site-packages/rclpy/lifecycle/__init__.py
[18.563s] -- Symlinking: /home/robot/Desktop/workspace/TSPML/script/ref/rclpy_ws/install/rclpy/lib/python3.10/site-packages/rclpy/lifecycle/managed_entity.py
[18.567s] -- Symlinking: /home/robot/Desktop/workspace/TSPML/script/ref/rclpy_ws/install/rclpy/lib/python3.10/site-packages/rclpy/lifecycle/node.py
[18.570s] -- Symlinking: /home/robot/Desktop/workspace/TSPML/script/ref/rclpy_ws/install/rclpy/lib/python3.10/site-packages/rclpy/lifecycle/publisher.py
[18.574s] -- Symlinking: /home/robot/Desktop/workspace/TSPML/script/ref/rclpy_ws/install/rclpy/lib/python3.10/site-packages/rclpy/logging.py
[18.578s] -- Symlinking: /home/robot/Desktop/workspace/TSPML/script/ref/rclpy_ws/install/rclpy/lib/python3.10/site-packages/rclpy/node.py
[18.581s] -- Symlinking: /home/robot/Desktop/workspace/TSPML/script/ref/rclpy_ws/install/rclpy/lib/python3.10/site-packages/rclpy/parameter.py
[18.586s] -- Symlinking: /home/robot/Desktop/workspace/TSPML/script/ref/rclpy_ws/install/rclpy/lib/python3.10/site-packages/rclpy/parameter_service.py
[18.589s] -- Symlinking: /home/robot/Desktop/workspace/TSPML/script/ref/rclpy_ws/install/rclpy/lib/python3.10/site-packages/rclpy/publisher.py
[18.593s] -- Symlinking: /home/robot/Desktop/workspace/TSPML/script/ref/rclpy_ws/install/rclpy/lib/python3.10/site-packages/rclpy/qos.py
[18.597s] -- Symlinking: /home/robot/Desktop/workspace/TSPML/script/ref/rclpy_ws/install/rclpy/lib/python3.10/site-packages/rclpy/qos_event.py
[18.601s] -- Symlinking: /home/robot/Desktop/workspace/TSPML/script/ref/rclpy_ws/install/rclpy/lib/python3.10/site-packages/rclpy/qos_overriding_options.py
[18.605s] -- Symlinking: /home/robot/Desktop/workspace/TSPML/script/ref/rclpy_ws/install/rclpy/lib/python3.10/site-packages/rclpy/serialization.py
[18.609s] -- Symlinking: /home/robot/Desktop/workspace/TSPML/script/ref/rclpy_ws/install/rclpy/lib/python3.10/site-packages/rclpy/service.py
[18.612s] -- Symlinking: /home/robot/Desktop/workspace/TSPML/script/ref/rclpy_ws/install/rclpy/lib/python3.10/site-packages/rclpy/signals.py
[18.616s] -- Symlinking: /home/robot/Desktop/workspace/TSPML/script/ref/rclpy_ws/install/rclpy/lib/python3.10/site-packages/rclpy/subscription.py
[18.620s] -- Symlinking: /home/robot/Desktop/workspace/TSPML/script/ref/rclpy_ws/install/rclpy/lib/python3.10/site-packages/rclpy/task.py
[18.624s] -- Symlinking: /home/robot/Desktop/workspace/TSPML/script/ref/rclpy_ws/install/rclpy/lib/python3.10/site-packages/rclpy/time.py
[18.628s] -- Symlinking: /home/robot/Desktop/workspace/TSPML/script/ref/rclpy_ws/install/rclpy/lib/python3.10/site-packages/rclpy/time_source.py
[18.632s] -- Symlinking: /home/robot/Desktop/workspace/TSPML/script/ref/rclpy_ws/install/rclpy/lib/python3.10/site-packages/rclpy/timer.py
[18.636s] -- Symlinking: /home/robot/Desktop/workspace/TSPML/script/ref/rclpy_ws/install/rclpy/lib/python3.10/site-packages/rclpy/topic_endpoint_info.py
[18.640s] -- Symlinking: /home/robot/Desktop/workspace/TSPML/script/ref/rclpy_ws/install/rclpy/lib/python3.10/site-packages/rclpy/topic_or_service_is_hidden.py
[18.644s] -- Symlinking: /home/robot/Desktop/workspace/TSPML/script/ref/rclpy_ws/install/rclpy/lib/python3.10/site-packages/rclpy/type_support.py
[18.648s] -- Symlinking: /home/robot/Desktop/workspace/TSPML/script/ref/rclpy_ws/install/rclpy/lib/python3.10/site-packages/rclpy/utilities.py
[18.651s] -- Symlinking: /home/robot/Desktop/workspace/TSPML/script/ref/rclpy_ws/install/rclpy/lib/python3.10/site-packages/rclpy/validate_full_topic_name.py
[18.655s] -- Symlinking: /home/robot/Desktop/workspace/TSPML/script/ref/rclpy_ws/install/rclpy/lib/python3.10/site-packages/rclpy/validate_namespace.py
[18.659s] -- Symlinking: /home/robot/Desktop/workspace/TSPML/script/ref/rclpy_ws/install/rclpy/lib/python3.10/site-packages/rclpy/validate_node_name.py
[18.663s] -- Symlinking: /home/robot/Desktop/workspace/TSPML/script/ref/rclpy_ws/install/rclpy/lib/python3.10/site-packages/rclpy/validate_parameter_name.py
[18.667s] -- Symlinking: /home/robot/Desktop/workspace/TSPML/script/ref/rclpy_ws/install/rclpy/lib/python3.10/site-packages/rclpy/validate_topic_name.py
[18.671s] -- Symlinking: /home/robot/Desktop/workspace/TSPML/script/ref/rclpy_ws/install/rclpy/lib/python3.10/site-packages/rclpy/waitable.py
[18.675s] -- Symlinking: /home/robot/Desktop/workspace/TSPML/script/ref/rclpy_ws/install/rclpy/lib/python3.10/site-packages/rclpy/_rclpy_pybind11.cpython-310-x86_64-linux-gnu.so
[18.679s] -- Symlinking: /home/robot/Desktop/workspace/TSPML/script/ref/rclpy_ws/install/rclpy/share/rclpy/environment/library_path.sh
[18.683s] -- Symlinking: /home/robot/Desktop/workspace/TSPML/script/ref/rclpy_ws/install/rclpy/share/rclpy/environment/library_path.dsv
[18.687s] -- Symlinking: /home/robot/Desktop/workspace/TSPML/script/ref/rclpy_ws/install/rclpy/share/ament_index/resource_index/package_run_dependencies/rclpy
[18.691s] -- Symlinking: /home/robot/Desktop/workspace/TSPML/script/ref/rclpy_ws/install/rclpy/share/ament_index/resource_index/parent_prefix_path/rclpy
[18.695s] -- Symlinking: /home/robot/Desktop/workspace/TSPML/script/ref/rclpy_ws/install/rclpy/share/rclpy/environment/ament_prefix_path.sh
[18.699s] -- Symlinking: /home/robot/Desktop/workspace/TSPML/script/ref/rclpy_ws/install/rclpy/share/rclpy/environment/ament_prefix_path.dsv
[18.702s] -- Symlinking: /home/robot/Desktop/workspace/TSPML/script/ref/rclpy_ws/install/rclpy/share/rclpy/environment/path.sh
[18.706s] -- Symlinking: /home/robot/Desktop/workspace/TSPML/script/ref/rclpy_ws/install/rclpy/share/rclpy/environment/path.dsv
[18.710s] -- Symlinking: /home/robot/Desktop/workspace/TSPML/script/ref/rclpy_ws/install/rclpy/share/rclpy/local_setup.bash
[18.714s] -- Symlinking: /home/robot/Desktop/workspace/TSPML/script/ref/rclpy_ws/install/rclpy/share/rclpy/local_setup.sh
[18.718s] -- Symlinking: /home/robot/Desktop/workspace/TSPML/script/ref/rclpy_ws/install/rclpy/share/rclpy/local_setup.zsh
[18.722s] -- Symlinking: /home/robot/Desktop/workspace/TSPML/script/ref/rclpy_ws/install/rclpy/share/rclpy/local_setup.dsv
[18.726s] -- Symlinking: /home/robot/Desktop/workspace/TSPML/script/ref/rclpy_ws/install/rclpy/share/rclpy/package.dsv
[18.731s] -- Symlinking: /home/robot/Desktop/workspace/TSPML/script/ref/rclpy_ws/install/rclpy/share/ament_index/resource_index/packages/rclpy
[18.735s] -- Symlinking: /home/robot/Desktop/workspace/TSPML/script/ref/rclpy_ws/install/rclpy/share/rclpy/cmake/rclpyConfig.cmake
[18.739s] -- Symlinking: /home/robot/Desktop/workspace/TSPML/script/ref/rclpy_ws/install/rclpy/share/rclpy/cmake/rclpyConfig-version.cmake
[18.743s] -- Symlinking: /home/robot/Desktop/workspace/TSPML/script/ref/rclpy_ws/install/rclpy/share/rclpy/package.xml
[18.786s] Listing '/home/robot/Desktop/workspace/TSPML/script/ref/rclpy_ws/install/rclpy/lib/python3.10/site-packages/rclpy'...
[18.786s] Compiling '/home/robot/Desktop/workspace/TSPML/script/ref/rclpy_ws/install/rclpy/lib/python3.10/site-packages/rclpy/__init__.py'...
[18.786s] Listing '/home/robot/Desktop/workspace/TSPML/script/ref/rclpy_ws/install/rclpy/lib/python3.10/site-packages/rclpy/action'...
[18.786s] Compiling '/home/robot/Desktop/workspace/TSPML/script/ref/rclpy_ws/install/rclpy/lib/python3.10/site-packages/rclpy/action/__init__.py'...
[18.786s] Compiling '/home/robot/Desktop/workspace/TSPML/script/ref/rclpy_ws/install/rclpy/lib/python3.10/site-packages/rclpy/action/client.py'...
[18.786s] Compiling '/home/robot/Desktop/workspace/TSPML/script/ref/rclpy_ws/install/rclpy/lib/python3.10/site-packages/rclpy/action/graph.py'...
[18.786s] Compiling '/home/robot/Desktop/workspace/TSPML/script/ref/rclpy_ws/install/rclpy/lib/python3.10/site-packages/rclpy/action/server.py'...
[18.786s] Compiling '/home/robot/Desktop/workspace/TSPML/script/ref/rclpy_ws/install/rclpy/lib/python3.10/site-packages/rclpy/callback_groups.py'...
[18.786s] Compiling '/home/robot/Desktop/workspace/TSPML/script/ref/rclpy_ws/install/rclpy/lib/python3.10/site-packages/rclpy/client.py'...
[18.786s] Compiling '/home/robot/Desktop/workspace/TSPML/script/ref/rclpy_ws/install/rclpy/lib/python3.10/site-packages/rclpy/clock.py'...
[18.786s] Compiling '/home/robot/Desktop/workspace/TSPML/script/ref/rclpy_ws/install/rclpy/lib/python3.10/site-packages/rclpy/constants.py'...
[18.786s] Compiling '/home/robot/Desktop/workspace/TSPML/script/ref/rclpy_ws/install/rclpy/lib/python3.10/site-packages/rclpy/context.py'...
[18.786s] Compiling '/home/robot/Desktop/workspace/TSPML/script/ref/rclpy_ws/install/rclpy/lib/python3.10/site-packages/rclpy/duration.py'...
[18.786s] Compiling '/home/robot/Desktop/workspace/TSPML/script/ref/rclpy_ws/install/rclpy/lib/python3.10/site-packages/rclpy/exceptions.py'...
[18.786s] Compiling '/home/robot/Desktop/workspace/TSPML/script/ref/rclpy_ws/install/rclpy/lib/python3.10/site-packages/rclpy/executors.py'...
[18.786s] Compiling '/home/robot/Desktop/workspace/TSPML/script/ref/rclpy_ws/install/rclpy/lib/python3.10/site-packages/rclpy/expand_topic_name.py'...
[18.786s] Compiling '/home/robot/Desktop/workspace/TSPML/script/ref/rclpy_ws/install/rclpy/lib/python3.10/site-packages/rclpy/guard_condition.py'...
[18.786s] Listing '/home/robot/Desktop/workspace/TSPML/script/ref/rclpy_ws/install/rclpy/lib/python3.10/site-packages/rclpy/impl'...
[18.786s] Compiling '/home/robot/Desktop/workspace/TSPML/script/ref/rclpy_ws/install/rclpy/lib/python3.10/site-packages/rclpy/impl/__init__.py'...
[18.786s] Compiling '/home/robot/Desktop/workspace/TSPML/script/ref/rclpy_ws/install/rclpy/lib/python3.10/site-packages/rclpy/impl/implementation_singleton.py'...
[18.786s] Compiling '/home/robot/Desktop/workspace/TSPML/script/ref/rclpy_ws/install/rclpy/lib/python3.10/site-packages/rclpy/impl/logging_severity.py'...
[18.786s] Compiling '/home/robot/Desktop/workspace/TSPML/script/ref/rclpy_ws/install/rclpy/lib/python3.10/site-packages/rclpy/impl/rcutils_logger.py'...
[18.786s] Listing '/home/robot/Desktop/workspace/TSPML/script/ref/rclpy_ws/install/rclpy/lib/python3.10/site-packages/rclpy/lifecycle'...
[18.786s] Compiling '/home/robot/Desktop/workspace/TSPML/script/ref/rclpy_ws/install/rclpy/lib/python3.10/site-packages/rclpy/lifecycle/__init__.py'...
[18.786s] Compiling '/home/robot/Desktop/workspace/TSPML/script/ref/rclpy_ws/install/rclpy/lib/python3.10/site-packages/rclpy/lifecycle/managed_entity.py'...
[18.786s] Compiling '/home/robot/Desktop/workspace/TSPML/script/ref/rclpy_ws/install/rclpy/lib/python3.10/site-packages/rclpy/lifecycle/node.py'...
[18.786s] Compiling '/home/robot/Desktop/workspace/TSPML/script/ref/rclpy_ws/install/rclpy/lib/python3.10/site-packages/rclpy/lifecycle/publisher.py'...
[18.786s] Compiling '/home/robot/Desktop/workspace/TSPML/script/ref/rclpy_ws/install/rclpy/lib/python3.10/site-packages/rclpy/logging.py'...
[18.786s] Compiling '/home/robot/Desktop/workspace/TSPML/script/ref/rclpy_ws/install/rclpy/lib/python3.10/site-packages/rclpy/node.py'...
[18.786s] Compiling '/home/robot/Desktop/workspace/TSPML/script/ref/rclpy_ws/install/rclpy/lib/python3.10/site-packages/rclpy/parameter.py'...
[18.786s] Compiling '/home/robot/Desktop/workspace/TSPML/script/ref/rclpy_ws/install/rclpy/lib/python3.10/site-packages/rclpy/parameter_service.py'...
[18.786s] Compiling '/home/robot/Desktop/workspace/TSPML/script/ref/rclpy_ws/install/rclpy/lib/python3.10/site-packages/rclpy/publisher.py'...
[18.786s] Compiling '/home/robot/Desktop/workspace/TSPML/script/ref/rclpy_ws/install/rclpy/lib/python3.10/site-packages/rclpy/qos.py'...
[18.787s] Compiling '/home/robot/Desktop/workspace/TSPML/script/ref/rclpy_ws/install/rclpy/lib/python3.10/site-packages/rclpy/qos_event.py'...
[18.787s] Compiling '/home/robot/Desktop/workspace/TSPML/script/ref/rclpy_ws/install/rclpy/lib/python3.10/site-packages/rclpy/qos_overriding_options.py'...
[18.787s] Compiling '/home/robot/Desktop/workspace/TSPML/script/ref/rclpy_ws/install/rclpy/lib/python3.10/site-packages/rclpy/serialization.py'...
[18.787s] Compiling '/home/robot/Desktop/workspace/TSPML/script/ref/rclpy_ws/install/rclpy/lib/python3.10/site-packages/rclpy/service.py'...
[18.787s] Compiling '/home/robot/Desktop/workspace/TSPML/script/ref/rclpy_ws/install/rclpy/lib/python3.10/site-packages/rclpy/signals.py'...
[18.787s] Compiling '/home/robot/Desktop/workspace/TSPML/script/ref/rclpy_ws/install/rclpy/lib/python3.10/site-packages/rclpy/subscription.py'...
[18.787s] Compiling '/home/robot/Desktop/workspace/TSPML/script/ref/rclpy_ws/install/rclpy/lib/python3.10/site-packages/rclpy/task.py'...
[18.787s] Compiling '/home/robot/Desktop/workspace/TSPML/script/ref/rclpy_ws/install/rclpy/lib/python3.10/site-packages/rclpy/time.py'...
[18.787s] Compiling '/home/robot/Desktop/workspace/TSPML/script/ref/rclpy_ws/install/rclpy/lib/python3.10/site-packages/rclpy/time_source.py'...
[18.787s] Compiling '/home/robot/Desktop/workspace/TSPML/script/ref/rclpy_ws/install/rclpy/lib/python3.10/site-packages/rclpy/timer.py'...
[18.787s] Compiling '/home/robot/Desktop/workspace/TSPML/script/ref/rclpy_ws/install/rclpy/lib/python3.10/site-packages/rclpy/topic_endpoint_info.py'...
[18.787s] Compiling '/home/robot/Desktop/workspace/TSPML/script/ref/rclpy_ws/install/rclpy/lib/python3.10/site-packages/rclpy/topic_or_service_is_hidden.py'...
[18.787s] Compiling '/home/robot/Desktop/workspace/TSPML/script/ref/rclpy_ws/install/rclpy/lib/python3.10/site-packages/rclpy/type_support.py'...
[18.787s] Compiling '/home/robot/Desktop/workspace/TSPML/script/ref/rclpy_ws/install/rclpy/lib/python3.10/site-packages/rclpy/utilities.py'...
[18.787s] Compiling '/home/robot/Desktop/workspace/TSPML/script/ref/rclpy_ws/install/rclpy/lib/python3.10/site-packages/rclpy/validate_full_topic_name.py'...
[18.787s] Compiling '/home/robot/Desktop/workspace/TSPML/script/ref/rclpy_ws/install/rclpy/lib/python3.10/site-packages/rclpy/validate_namespace.py'...
[18.787s] Compiling '/home/robot/Desktop/workspace/TSPML/script/ref/rclpy_ws/install/rclpy/lib/python3.10/site-packages/rclpy/validate_node_name.py'...
[18.787s] Compiling '/home/robot/Desktop/workspace/TSPML/script/ref/rclpy_ws/install/rclpy/lib/python3.10/site-packages/rclpy/validate_parameter_name.py'...
[18.787s] Compiling '/home/robot/Desktop/workspace/TSPML/script/ref/rclpy_ws/install/rclpy/lib/python3.10/site-packages/rclpy/validate_topic_name.py'...
[18.787s] Compiling '/home/robot/Desktop/workspace/TSPML/script/ref/rclpy_ws/install/rclpy/lib/python3.10/site-packages/rclpy/waitable.py'...
[18.790s] Invoked command in '/home/robot/Desktop/workspace/TSPML/script/ref/rclpy_ws/build/rclpy' returned '0': CMAKE_PREFIX_PATH=/opt/ros/humble CONDA_PROMPT_MODIFIER=(base) /usr/bin/cmake --install /home/robot/Desktop/workspace/TSPML/script/ref/rclpy_ws/build/rclpy
