[0.013s] Invoking command in '/home/robot/Desktop/workspace/TSPML/script/ref/rclpy_ws/build/rclpy': CMAKE_PREFIX_PATH=/opt/ros/humble CONDA_PROMPT_MODIFIER=(base) /usr/bin/cmake /home/robot/Desktop/workspace/TSPML/script/ref/rclpy_ws/src/rclpy/rclpy -DAMENT_CMAKE_SYMLINK_INSTALL=1 -DCMAKE_INSTALL_PREFIX=/home/robot/Desktop/workspace/TSPML/script/ref/rclpy_ws/install/rclpy
[0.020s] -- Found ament_cmake: 1.3.5 (/opt/ros/humble/share/ament_cmake/cmake)
[0.095s] -- Override CMake install command with custom implementation using symlinks instead of copying resources
[0.115s] -- Found lifecycle_msgs: 1.2.1 (/opt/ros/humble/share/lifecycle_msgs/cmake)
[0.143s] -- Found rosidl_generator_c: 3.1.5 (/opt/ros/humble/share/rosidl_generator_c/cmake)
[0.146s] -- Found rosidl_adapter: 3.1.5 (/opt/ros/humble/share/rosidl_adapter/cmake)
[0.152s] -- Found rosidl_generator_cpp: 3.1.5 (/opt/ros/humble/share/rosidl_generator_cpp/cmake)
[0.163s] -- Using all available rosidl_typesupport_c: rosidl_typesupport_fastrtps_c;rosidl_typesupport_introspection_c
[0.175s] -- Using all available rosidl_typesupport_cpp: rosidl_typesupport_fastrtps_cpp;rosidl_typesupport_introspection_cpp
[0.187s] -- Found rcl: 5.3.4 (/opt/ros/humble/share/rcl/cmake)
[0.235s] -- Found rmw_implementation_cmake: 6.1.1 (/opt/ros/humble/share/rmw_implementation_cmake/cmake)
[0.237s] -- Found rmw_fastrtps_cpp: 6.2.3 (/opt/ros/humble/share/rmw_fastrtps_cpp/cmake)
[0.293s] -- Found OpenSSL: /usr/lib/x86_64-linux-gnu/libcrypto.so (found version "3.0.2")  
[0.307s] -- Found FastRTPS: /opt/ros/humble/include  
[0.333s] -- Using RMW implementation 'rmw_fastrtps_cpp' as default
[0.341s] -- Looking for pthread.h
[0.385s] -- Looking for pthread.h - found
[0.385s] -- Performing Test CMAKE_HAVE_LIBC_PTHREAD
[0.425s] -- Performing Test CMAKE_HAVE_LIBC_PTHREAD - Success
[0.426s] -- Found Threads: TRUE  
[0.431s] -- Found rcl_action: 5.3.4 (/opt/ros/humble/share/rcl_action/cmake)
[0.482s] -- Found rcl_lifecycle: 5.3.4 (/opt/ros/humble/share/rcl_lifecycle/cmake)
[0.772s] -- Found Python3: /home/robot/mambaforge/bin/python3.10 (found version "3.10.12") found components: Interpreter Development Development.Module Development.Embed 
[0.773s] -- Found pybind11_vendor: 2.4.2 (/opt/ros/humble/share/pybind11_vendor/cmake)
[0.793s] -- Performing Test HAS_FLTO
[0.873s] -- Performing Test HAS_FLTO - Success
[0.874s] -- Found pybind11: /usr/include (found version "2.9.1")
[0.929s] -- Found ament_lint_auto: 0.12.7 (/opt/ros/humble/share/ament_lint_auto/cmake)
[1.003s] -- Found gtest sources under '/opt/ros/humble/src/gtest_vendor': C++ tests using 'Google Test' will be built
[1.138s] [33mCMake Warning at /opt/ros/humble/share/ament_cmake_pytest/cmake/ament_add_pytest_test.cmake:79 (message):
[1.138s]   The Python module 'pytest' was not found, pytests cannot be run.  On Linux,
[1.138s]   install the 'python3-pytest' package.  On other platforms, install 'pytest'
[1.138s]   using pip.
[1.138s] Call Stack (most recent call first):
[1.138s]   CMakeLists.txt:203 (ament_add_pytest_test)
[1.138s] 
[1.138s] [0m
[1.255s] [33mCMake Warning at /opt/ros/humble/share/ament_cmake_pytest/cmake/ament_add_pytest_test.cmake:79 (message):
[1.255s]   The Python module 'pytest' was not found, pytests cannot be run.  On Linux,
[1.255s]   install the 'python3-pytest' package.  On other platforms, install 'pytest'
[1.255s]   using pip.
[1.255s] Call Stack (most recent call first):
[1.255s]   CMakeLists.txt:203 (ament_add_pytest_test)
[1.255s] 
[1.255s] [0m
[1.372s] [33mCMake Warning at /opt/ros/humble/share/ament_cmake_pytest/cmake/ament_add_pytest_test.cmake:79 (message):
[1.372s]   The Python module 'pytest' was not found, pytests cannot be run.  On Linux,
[1.372s]   install the 'python3-pytest' package.  On other platforms, install 'pytest'
[1.372s]   using pip.
[1.372s] Call Stack (most recent call first):
[1.372s]   CMakeLists.txt:203 (ament_add_pytest_test)
[1.372s] 
[1.372s] [0m
[1.491s] [33mCMake Warning at /opt/ros/humble/share/ament_cmake_pytest/cmake/ament_add_pytest_test.cmake:79 (message):
[1.491s]   The Python module 'pytest' was not found, pytests cannot be run.  On Linux,
[1.491s]   install the 'python3-pytest' package.  On other platforms, install 'pytest'
[1.491s]   using pip.
[1.491s] Call Stack (most recent call first):
[1.491s]   CMakeLists.txt:203 (ament_add_pytest_test)
[1.491s] 
[1.491s] [0m
[1.613s] [33mCMake Warning at /opt/ros/humble/share/ament_cmake_pytest/cmake/ament_add_pytest_test.cmake:79 (message):
[1.613s]   The Python module 'pytest' was not found, pytests cannot be run.  On Linux,
[1.613s]   install the 'python3-pytest' package.  On other platforms, install 'pytest'
[1.613s]   using pip.
[1.613s] Call Stack (most recent call first):
[1.613s]   CMakeLists.txt:203 (ament_add_pytest_test)
[1.613s] 
[1.613s] [0m
[1.730s] [33mCMake Warning at /opt/ros/humble/share/ament_cmake_pytest/cmake/ament_add_pytest_test.cmake:79 (message):
[1.731s]   The Python module 'pytest' was not found, pytests cannot be run.  On Linux,
[1.731s]   install the 'python3-pytest' package.  On other platforms, install 'pytest'
[1.731s]   using pip.
[1.731s] Call Stack (most recent call first):
[1.731s]   CMakeLists.txt:203 (ament_add_pytest_test)
[1.731s] 
[1.731s] [0m
[1.849s] [33mCMake Warning at /opt/ros/humble/share/ament_cmake_pytest/cmake/ament_add_pytest_test.cmake:79 (message):
[1.849s]   The Python module 'pytest' was not found, pytests cannot be run.  On Linux,
[1.849s]   install the 'python3-pytest' package.  On other platforms, install 'pytest'
[1.849s]   using pip.
[1.849s] Call Stack (most recent call first):
[1.849s]   CMakeLists.txt:203 (ament_add_pytest_test)
[1.849s] 
[1.849s] [0m
[1.967s] [33mCMake Warning at /opt/ros/humble/share/ament_cmake_pytest/cmake/ament_add_pytest_test.cmake:79 (message):
[1.967s]   The Python module 'pytest' was not found, pytests cannot be run.  On Linux,
[1.967s]   install the 'python3-pytest' package.  On other platforms, install 'pytest'
[1.967s]   using pip.
[1.967s] Call Stack (most recent call first):
[1.967s]   CMakeLists.txt:203 (ament_add_pytest_test)
[1.967s] 
[1.967s] [0m
[2.084s] [33mCMake Warning at /opt/ros/humble/share/ament_cmake_pytest/cmake/ament_add_pytest_test.cmake:79 (message):
[2.084s]   The Python module 'pytest' was not found, pytests cannot be run.  On Linux,
[2.084s]   install the 'python3-pytest' package.  On other platforms, install 'pytest'
[2.084s]   using pip.
[2.084s] Call Stack (most recent call first):
[2.084s]   CMakeLists.txt:203 (ament_add_pytest_test)
[2.084s] 
[2.084s] [0m
[2.202s] [33mCMake Warning at /opt/ros/humble/share/ament_cmake_pytest/cmake/ament_add_pytest_test.cmake:79 (message):
[2.202s]   The Python module 'pytest' was not found, pytests cannot be run.  On Linux,
[2.202s]   install the 'python3-pytest' package.  On other platforms, install 'pytest'
[2.202s]   using pip.
[2.202s] Call Stack (most recent call first):
[2.202s]   CMakeLists.txt:203 (ament_add_pytest_test)
[2.202s] 
[2.202s] [0m
[2.319s] [33mCMake Warning at /opt/ros/humble/share/ament_cmake_pytest/cmake/ament_add_pytest_test.cmake:79 (message):
[2.319s]   The Python module 'pytest' was not found, pytests cannot be run.  On Linux,
[2.319s]   install the 'python3-pytest' package.  On other platforms, install 'pytest'
[2.319s]   using pip.
[2.319s] Call Stack (most recent call first):
[2.319s]   CMakeLists.txt:203 (ament_add_pytest_test)
[2.319s] 
[2.319s] [0m
[2.437s] [33mCMake Warning at /opt/ros/humble/share/ament_cmake_pytest/cmake/ament_add_pytest_test.cmake:79 (message):
[2.437s]   The Python module 'pytest' was not found, pytests cannot be run.  On Linux,
[2.437s]   install the 'python3-pytest' package.  On other platforms, install 'pytest'
[2.437s]   using pip.
[2.437s] Call Stack (most recent call first):
[2.437s]   CMakeLists.txt:203 (ament_add_pytest_test)
[2.437s] 
[2.437s] [0m
[2.555s] [33mCMake Warning at /opt/ros/humble/share/ament_cmake_pytest/cmake/ament_add_pytest_test.cmake:79 (message):
[2.556s]   The Python module 'pytest' was not found, pytests cannot be run.  On Linux,
[2.556s]   install the 'python3-pytest' package.  On other platforms, install 'pytest'
[2.556s]   using pip.
[2.556s] Call Stack (most recent call first):
[2.556s]   CMakeLists.txt:203 (ament_add_pytest_test)
[2.556s] 
[2.556s] [0m
[2.676s] [33mCMake Warning at /opt/ros/humble/share/ament_cmake_pytest/cmake/ament_add_pytest_test.cmake:79 (message):
[2.676s]   The Python module 'pytest' was not found, pytests cannot be run.  On Linux,
[2.676s]   install the 'python3-pytest' package.  On other platforms, install 'pytest'
[2.676s]   using pip.
[2.676s] Call Stack (most recent call first):
[2.676s]   CMakeLists.txt:203 (ament_add_pytest_test)
[2.676s] 
[2.676s] [0m
[2.797s] [33mCMake Warning at /opt/ros/humble/share/ament_cmake_pytest/cmake/ament_add_pytest_test.cmake:79 (message):
[2.797s]   The Python module 'pytest' was not found, pytests cannot be run.  On Linux,
[2.797s]   install the 'python3-pytest' package.  On other platforms, install 'pytest'
[2.797s]   using pip.
[2.798s] Call Stack (most recent call first):
[2.798s]   CMakeLists.txt:203 (ament_add_pytest_test)
[2.798s] 
[2.798s] [0m
[2.917s] [33mCMake Warning at /opt/ros/humble/share/ament_cmake_pytest/cmake/ament_add_pytest_test.cmake:79 (message):
[2.917s]   The Python module 'pytest' was not found, pytests cannot be run.  On Linux,
[2.917s]   install the 'python3-pytest' package.  On other platforms, install 'pytest'
[2.917s]   using pip.
[2.917s] Call Stack (most recent call first):
[2.917s]   CMakeLists.txt:203 (ament_add_pytest_test)
[2.917s] 
[2.917s] [0m
[3.034s] [33mCMake Warning at /opt/ros/humble/share/ament_cmake_pytest/cmake/ament_add_pytest_test.cmake:79 (message):
[3.034s]   The Python module 'pytest' was not found, pytests cannot be run.  On Linux,
[3.034s]   install the 'python3-pytest' package.  On other platforms, install 'pytest'
[3.034s]   using pip.
[3.034s] Call Stack (most recent call first):
[3.034s]   CMakeLists.txt:203 (ament_add_pytest_test)
[3.034s] 
[3.034s] [0m
[3.154s] [33mCMake Warning at /opt/ros/humble/share/ament_cmake_pytest/cmake/ament_add_pytest_test.cmake:79 (message):
[3.154s]   The Python module 'pytest' was not found, pytests cannot be run.  On Linux,
[3.155s]   install the 'python3-pytest' package.  On other platforms, install 'pytest'
[3.155s]   using pip.
[3.155s] Call Stack (most recent call first):
[3.155s]   CMakeLists.txt:203 (ament_add_pytest_test)
[3.155s] 
[3.155s] [0m
[3.274s] [33mCMake Warning at /opt/ros/humble/share/ament_cmake_pytest/cmake/ament_add_pytest_test.cmake:79 (message):
[3.274s]   The Python module 'pytest' was not found, pytests cannot be run.  On Linux,
[3.274s]   install the 'python3-pytest' package.  On other platforms, install 'pytest'
[3.274s]   using pip.
[3.274s] Call Stack (most recent call first):
[3.274s]   CMakeLists.txt:203 (ament_add_pytest_test)
[3.274s] 
[3.274s] [0m
[3.393s] [33mCMake Warning at /opt/ros/humble/share/ament_cmake_pytest/cmake/ament_add_pytest_test.cmake:79 (message):
[3.393s]   The Python module 'pytest' was not found, pytests cannot be run.  On Linux,
[3.393s]   install the 'python3-pytest' package.  On other platforms, install 'pytest'
[3.393s]   using pip.
[3.393s] Call Stack (most recent call first):
[3.393s]   CMakeLists.txt:203 (ament_add_pytest_test)
[3.393s] 
[3.394s] [0m
[3.513s] [33mCMake Warning at /opt/ros/humble/share/ament_cmake_pytest/cmake/ament_add_pytest_test.cmake:79 (message):
[3.513s]   The Python module 'pytest' was not found, pytests cannot be run.  On Linux,
[3.513s]   install the 'python3-pytest' package.  On other platforms, install 'pytest'
[3.513s]   using pip.
[3.513s] Call Stack (most recent call first):
[3.513s]   CMakeLists.txt:203 (ament_add_pytest_test)
[3.513s] 
[3.513s] [0m
[3.631s] [33mCMake Warning at /opt/ros/humble/share/ament_cmake_pytest/cmake/ament_add_pytest_test.cmake:79 (message):
[3.631s]   The Python module 'pytest' was not found, pytests cannot be run.  On Linux,
[3.631s]   install the 'python3-pytest' package.  On other platforms, install 'pytest'
[3.631s]   using pip.
[3.631s] Call Stack (most recent call first):
[3.631s]   CMakeLists.txt:203 (ament_add_pytest_test)
[3.631s] 
[3.631s] [0m
[3.751s] [33mCMake Warning at /opt/ros/humble/share/ament_cmake_pytest/cmake/ament_add_pytest_test.cmake:79 (message):
[3.751s]   The Python module 'pytest' was not found, pytests cannot be run.  On Linux,
[3.751s]   install the 'python3-pytest' package.  On other platforms, install 'pytest'
[3.751s]   using pip.
[3.751s] Call Stack (most recent call first):
[3.751s]   CMakeLists.txt:203 (ament_add_pytest_test)
[3.751s] 
[3.751s] [0m
[3.872s] [33mCMake Warning at /opt/ros/humble/share/ament_cmake_pytest/cmake/ament_add_pytest_test.cmake:79 (message):
[3.873s]   The Python module 'pytest' was not found, pytests cannot be run.  On Linux,
[3.873s]   install the 'python3-pytest' package.  On other platforms, install 'pytest'
[3.873s]   using pip.
[3.873s] Call Stack (most recent call first):
[3.873s]   CMakeLists.txt:203 (ament_add_pytest_test)
[3.873s] 
[3.873s] [0m
[3.992s] [33mCMake Warning at /opt/ros/humble/share/ament_cmake_pytest/cmake/ament_add_pytest_test.cmake:79 (message):
[3.993s]   The Python module 'pytest' was not found, pytests cannot be run.  On Linux,
[3.993s]   install the 'python3-pytest' package.  On other platforms, install 'pytest'
[3.993s]   using pip.
[3.993s] Call Stack (most recent call first):
[3.993s]   CMakeLists.txt:203 (ament_add_pytest_test)
[3.993s] 
[3.993s] [0m
[4.111s] [33mCMake Warning at /opt/ros/humble/share/ament_cmake_pytest/cmake/ament_add_pytest_test.cmake:79 (message):
[4.111s]   The Python module 'pytest' was not found, pytests cannot be run.  On Linux,
[4.111s]   install the 'python3-pytest' package.  On other platforms, install 'pytest'
[4.111s]   using pip.
[4.111s] Call Stack (most recent call first):
[4.111s]   CMakeLists.txt:203 (ament_add_pytest_test)
[4.111s] 
[4.111s] [0m
[4.230s] [33mCMake Warning at /opt/ros/humble/share/ament_cmake_pytest/cmake/ament_add_pytest_test.cmake:79 (message):
[4.230s]   The Python module 'pytest' was not found, pytests cannot be run.  On Linux,
[4.230s]   install the 'python3-pytest' package.  On other platforms, install 'pytest'
[4.230s]   using pip.
[4.230s] Call Stack (most recent call first):
[4.230s]   CMakeLists.txt:203 (ament_add_pytest_test)
[4.230s] 
[4.230s] [0m
[4.349s] [33mCMake Warning at /opt/ros/humble/share/ament_cmake_pytest/cmake/ament_add_pytest_test.cmake:79 (message):
[4.349s]   The Python module 'pytest' was not found, pytests cannot be run.  On Linux,
[4.350s]   install the 'python3-pytest' package.  On other platforms, install 'pytest'
[4.350s]   using pip.
[4.350s] Call Stack (most recent call first):
[4.350s]   CMakeLists.txt:203 (ament_add_pytest_test)
[4.350s] 
[4.350s] [0m
[4.467s] [33mCMake Warning at /opt/ros/humble/share/ament_cmake_pytest/cmake/ament_add_pytest_test.cmake:79 (message):
[4.467s]   The Python module 'pytest' was not found, pytests cannot be run.  On Linux,
[4.467s]   install the 'python3-pytest' package.  On other platforms, install 'pytest'
[4.467s]   using pip.
[4.467s] Call Stack (most recent call first):
[4.467s]   CMakeLists.txt:203 (ament_add_pytest_test)
[4.467s] 
[4.467s] [0m
[4.586s] [33mCMake Warning at /opt/ros/humble/share/ament_cmake_pytest/cmake/ament_add_pytest_test.cmake:79 (message):
[4.586s]   The Python module 'pytest' was not found, pytests cannot be run.  On Linux,
[4.586s]   install the 'python3-pytest' package.  On other platforms, install 'pytest'
[4.586s]   using pip.
[4.586s] Call Stack (most recent call first):
[4.586s]   CMakeLists.txt:203 (ament_add_pytest_test)
[4.586s] 
[4.586s] [0m
[4.706s] [33mCMake Warning at /opt/ros/humble/share/ament_cmake_pytest/cmake/ament_add_pytest_test.cmake:79 (message):
[4.706s]   The Python module 'pytest' was not found, pytests cannot be run.  On Linux,
[4.706s]   install the 'python3-pytest' package.  On other platforms, install 'pytest'
[4.706s]   using pip.
[4.706s] Call Stack (most recent call first):
[4.706s]   CMakeLists.txt:203 (ament_add_pytest_test)
[4.706s] 
[4.706s] [0m
[4.825s] [33mCMake Warning at /opt/ros/humble/share/ament_cmake_pytest/cmake/ament_add_pytest_test.cmake:79 (message):
[4.825s]   The Python module 'pytest' was not found, pytests cannot be run.  On Linux,
[4.825s]   install the 'python3-pytest' package.  On other platforms, install 'pytest'
[4.825s]   using pip.
[4.825s] Call Stack (most recent call first):
[4.825s]   CMakeLists.txt:203 (ament_add_pytest_test)
[4.825s] 
[4.825s] [0m
[4.944s] [33mCMake Warning at /opt/ros/humble/share/ament_cmake_pytest/cmake/ament_add_pytest_test.cmake:79 (message):
[4.944s]   The Python module 'pytest' was not found, pytests cannot be run.  On Linux,
[4.944s]   install the 'python3-pytest' package.  On other platforms, install 'pytest'
[4.944s]   using pip.
[4.944s] Call Stack (most recent call first):
[4.944s]   CMakeLists.txt:203 (ament_add_pytest_test)
[4.944s] 
[4.944s] [0m
[5.061s] [33mCMake Warning at /opt/ros/humble/share/ament_cmake_pytest/cmake/ament_add_pytest_test.cmake:79 (message):
[5.061s]   The Python module 'pytest' was not found, pytests cannot be run.  On Linux,
[5.061s]   install the 'python3-pytest' package.  On other platforms, install 'pytest'
[5.061s]   using pip.
[5.061s] Call Stack (most recent call first):
[5.061s]   CMakeLists.txt:203 (ament_add_pytest_test)
[5.061s] 
[5.061s] [0m
[5.178s] [33mCMake Warning at /opt/ros/humble/share/ament_cmake_pytest/cmake/ament_add_pytest_test.cmake:79 (message):
[5.179s]   The Python module 'pytest' was not found, pytests cannot be run.  On Linux,
[5.179s]   install the 'python3-pytest' package.  On other platforms, install 'pytest'
[5.179s]   using pip.
[5.179s] Call Stack (most recent call first):
[5.179s]   CMakeLists.txt:203 (ament_add_pytest_test)
[5.179s] 
[5.179s] [0m
[5.295s] [33mCMake Warning at /opt/ros/humble/share/ament_cmake_pytest/cmake/ament_add_pytest_test.cmake:79 (message):
[5.295s]   The Python module 'pytest' was not found, pytests cannot be run.  On Linux,
[5.296s]   install the 'python3-pytest' package.  On other platforms, install 'pytest'
[5.296s]   using pip.
[5.296s] Call Stack (most recent call first):
[5.296s]   CMakeLists.txt:203 (ament_add_pytest_test)
[5.296s] 
[5.296s] [0m
[5.412s] [33mCMake Warning at /opt/ros/humble/share/ament_cmake_pytest/cmake/ament_add_pytest_test.cmake:79 (message):
[5.412s]   The Python module 'pytest' was not found, pytests cannot be run.  On Linux,
[5.412s]   install the 'python3-pytest' package.  On other platforms, install 'pytest'
[5.412s]   using pip.
[5.412s] Call Stack (most recent call first):
[5.412s]   CMakeLists.txt:203 (ament_add_pytest_test)
[5.412s] 
[5.412s] [0m
[5.530s] [33mCMake Warning at /opt/ros/humble/share/ament_cmake_pytest/cmake/ament_add_pytest_test.cmake:79 (message):
[5.530s]   The Python module 'pytest' was not found, pytests cannot be run.  On Linux,
[5.530s]   install the 'python3-pytest' package.  On other platforms, install 'pytest'
[5.530s]   using pip.
[5.530s] Call Stack (most recent call first):
[5.530s]   CMakeLists.txt:203 (ament_add_pytest_test)
[5.530s] 
[5.530s] [0m
[5.647s] [33mCMake Warning at /opt/ros/humble/share/ament_cmake_pytest/cmake/ament_add_pytest_test.cmake:79 (message):
[5.647s]   The Python module 'pytest' was not found, pytests cannot be run.  On Linux,
[5.647s]   install the 'python3-pytest' package.  On other platforms, install 'pytest'
[5.647s]   using pip.
[5.647s] Call Stack (most recent call first):
[5.647s]   CMakeLists.txt:203 (ament_add_pytest_test)
[5.647s] 
[5.647s] [0m
[5.765s] [33mCMake Warning at /opt/ros/humble/share/ament_cmake_pytest/cmake/ament_add_pytest_test.cmake:79 (message):
[5.765s]   The Python module 'pytest' was not found, pytests cannot be run.  On Linux,
[5.766s]   install the 'python3-pytest' package.  On other platforms, install 'pytest'
[5.766s]   using pip.
[5.766s] Call Stack (most recent call first):
[5.766s]   CMakeLists.txt:203 (ament_add_pytest_test)
[5.766s] 
[5.766s] [0m
[5.769s] -- Added test 'copyright' to check source files copyright and LICENSE
[5.772s] -- Added test 'cpplint' to check C / C++ code against the Google style
[5.772s] -- Configured cpplint exclude dirs and/or files: 
[5.773s] -- Added test 'flake8' to check Python code syntax and style conventions
[5.774s] -- Added test 'lint_cmake' to check CMake code style
[5.774s] -- Added test 'pep257' to check Python code against some of the docstring style conventions in PEP 257
[5.777s] -- Added test 'uncrustify' to check C / C++ code style
[5.777s] -- Configured uncrustify additional arguments: 
[5.778s] -- Added test 'xmllint' to check XML markup files
[5.779s] -- Configuring done
[5.785s] [33mCMake Warning at /usr/share/cmake-3.22/Modules/FindPython/Support.cmake:3330 (add_library):
[5.785s]   Cannot generate a safe runtime search path for target _rclpy_pybind11
[5.785s]   because files in some directories may conflict with libraries in implicit
[5.786s]   directories:
[5.786s] 
[5.786s]     runtime library [libpython3.10.so.1.0] in /usr/lib/x86_64-linux-gnu may be hidden by files in:
[5.786s]       /home/robot/mambaforge/lib
[5.786s] 
[5.786s]   Some of these libraries may not be found correctly.
[5.786s] Call Stack (most recent call first):
[5.786s]   /usr/share/cmake-3.22/Modules/FindPython3.cmake:494 (__Python3_add_library)
[5.786s]   /usr/lib/cmake/pybind11/pybind11NewTools.cmake:207 (python3_add_library)
[5.786s]   CMakeLists.txt:73 (pybind11_add_module)
[5.786s] 
[5.786s] [0m
[5.788s] -- Generating done
[5.789s] -- Build files have been written to: /home/robot/Desktop/workspace/TSPML/script/ref/rclpy_ws/build/rclpy
[5.795s] Invoked command in '/home/robot/Desktop/workspace/TSPML/script/ref/rclpy_ws/build/rclpy' returned '0': CMAKE_PREFIX_PATH=/opt/ros/humble CONDA_PROMPT_MODIFIER=(base) /usr/bin/cmake /home/robot/Desktop/workspace/TSPML/script/ref/rclpy_ws/src/rclpy/rclpy -DAMENT_CMAKE_SYMLINK_INSTALL=1 -DCMAKE_INSTALL_PREFIX=/home/robot/Desktop/workspace/TSPML/script/ref/rclpy_ws/install/rclpy
[5.796s] Invoking command in '/home/robot/Desktop/workspace/TSPML/script/ref/rclpy_ws/build/rclpy': CMAKE_PREFIX_PATH=/opt/ros/humble CONDA_PROMPT_MODIFIER=(base) /usr/bin/cmake --build /home/robot/Desktop/workspace/TSPML/script/ref/rclpy_ws/build/rclpy -- -j20 -l20
[5.824s] [  2%] [32mBuilding CXX object gtest/CMakeFiles/gtest.dir/src/gtest-all.cc.o[0m
[5.824s] [  5%] [32mBuilding CXX object CMakeFiles/_rclpy_pybind11.dir/src/rclpy/_rclpy_logging.cpp.o[0m
[5.825s] [  8%] [32mBuilding CXX object gtest/CMakeFiles/gtest_main.dir/src/gtest_main.cc.o[0m
[5.825s] [ 13%] [32mBuilding CXX object CMakeFiles/_rclpy_pybind11.dir/src/rclpy/action_server.cpp.o[0m
[5.826s] [ 16%] [32mBuilding CXX object CMakeFiles/_rclpy_pybind11.dir/src/rclpy/action_goal_handle.cpp.o[0m
[5.827s] [ 21%] [32mBuilding CXX object CMakeFiles/_rclpy_pybind11.dir/src/rclpy/action_client.cpp.o[0m
[5.827s] [ 21%] [32mBuilding CXX object CMakeFiles/_rclpy_pybind11.dir/src/rclpy/client.cpp.o[0m
[5.827s] [ 10%] [32mBuilding CXX object CMakeFiles/_rclpy_pybind11.dir/src/rclpy/_rclpy_pybind11.cpp.o[0m
[5.827s] [ 24%] [32mBuilding CXX object CMakeFiles/_rclpy_pybind11.dir/src/rclpy/clock.cpp.o[0m
[5.827s] [ 27%] [32mBuilding CXX object CMakeFiles/_rclpy_pybind11.dir/src/rclpy/destroyable.cpp.o[0m
[5.828s] [ 29%] [32mBuilding CXX object CMakeFiles/_rclpy_pybind11.dir/src/rclpy/duration.cpp.o[0m
[5.828s] [ 32%] [32mBuilding CXX object CMakeFiles/_rclpy_pybind11.dir/src/rclpy/clock_event.cpp.o[0m
[5.829s] [ 35%] [32mBuilding CXX object CMakeFiles/_rclpy_pybind11.dir/src/rclpy/graph.cpp.o[0m
[5.830s] [ 37%] [32mBuilding CXX object CMakeFiles/_rclpy_pybind11.dir/src/rclpy/exceptions.cpp.o[0m
[5.831s] [ 43%] [32mBuilding CXX object CMakeFiles/_rclpy_pybind11.dir/src/rclpy/context.cpp.o[0m
[5.831s] [ 43%] [32mBuilding CXX object CMakeFiles/_rclpy_pybind11.dir/src/rclpy/guard_condition.cpp.o[0m
[5.831s] [ 45%] [32mBuilding CXX object CMakeFiles/_rclpy_pybind11.dir/src/rclpy/names.cpp.o[0m
[5.831s] [ 48%] [32mBuilding CXX object CMakeFiles/_rclpy_pybind11.dir/src/rclpy/lifecycle.cpp.o[0m
[5.832s] [ 51%] [32mBuilding CXX object CMakeFiles/_rclpy_pybind11.dir/src/rclpy/logging.cpp.o[0m
[5.833s] [ 51%] Built target ament_cmake_python_symlink_rclpy
[5.950s] running egg_info
[5.950s] creating rclpy.egg-info
[5.957s] writing rclpy.egg-info/PKG-INFO
[5.957s] writing dependency_links to rclpy.egg-info/dependency_links.txt
[5.957s] writing top-level names to rclpy.egg-info/top_level.txt
[5.957s] writing manifest file 'rclpy.egg-info/SOURCES.txt'
[5.977s] reading manifest file 'rclpy.egg-info/SOURCES.txt'
[5.977s] writing manifest file 'rclpy.egg-info/SOURCES.txt'
[6.005s] [ 51%] Built target ament_cmake_python_build_rclpy_egg
[6.012s] [ 54%] [32mBuilding CXX object CMakeFiles/_rclpy_pybind11.dir/src/rclpy/node.cpp.o[0m
[6.076s] [ 56%] [32mBuilding CXX object CMakeFiles/_rclpy_pybind11.dir/src/rclpy/publisher.cpp.o[0m
[6.714s] [ 59%] [32m[1mLinking CXX static library libgtest_main.a[0m
[6.820s] [ 59%] Built target gtest_main
[6.855s] [ 62%] [32mBuilding CXX object CMakeFiles/_rclpy_pybind11.dir/src/rclpy/qos.cpp.o[0m
[7.482s] [ 64%] [32mBuilding CXX object CMakeFiles/_rclpy_pybind11.dir/src/rclpy/qos_event.cpp.o[0m
[7.768s] [ 67%] [32mBuilding CXX object CMakeFiles/_rclpy_pybind11.dir/src/rclpy/serialization.cpp.o[0m
[8.105s] [ 70%] [32mBuilding CXX object CMakeFiles/_rclpy_pybind11.dir/src/rclpy/service.cpp.o[0m
[8.116s] [ 72%] [32mBuilding CXX object CMakeFiles/_rclpy_pybind11.dir/src/rclpy/service_info.cpp.o[0m
[8.256s] [ 75%] [32mBuilding CXX object CMakeFiles/_rclpy_pybind11.dir/src/rclpy/signal_handler.cpp.o[0m
[8.346s] [ 78%] [32mBuilding CXX object CMakeFiles/_rclpy_pybind11.dir/src/rclpy/subscription.cpp.o[0m
[8.524s] [ 81%] [32mBuilding CXX object CMakeFiles/_rclpy_pybind11.dir/src/rclpy/time_point.cpp.o[0m
[8.561s] [ 83%] [32mBuilding CXX object CMakeFiles/_rclpy_pybind11.dir/src/rclpy/timer.cpp.o[0m
[8.582s] [ 86%] [32mBuilding CXX object CMakeFiles/_rclpy_pybind11.dir/src/rclpy/utils.cpp.o[0m
[8.627s] [ 89%] [32mBuilding CXX object CMakeFiles/_rclpy_pybind11.dir/src/rclpy/wait_set.cpp.o[0m
[9.486s] [ 91%] [32m[1mLinking CXX static library libgtest.a[0m
[9.552s] [ 91%] Built target gtest
[9.571s] [ 94%] [32mBuilding CXX object CMakeFiles/test_python_allocator.dir/test/test_python_allocator.cpp.o[0m
[10.646s] [ 97%] [32m[1mLinking CXX shared library test_rclpy/_rclpy_pybind11.cpython-310-x86_64-linux-gnu.so[0m
[11.411s] [100%] [32m[1mLinking CXX executable test_python_allocator[0m
[11.513s] [100%] Built target test_python_allocator
[12.005s] lto-wrapper: warning: using serial compilation of 3 LTRANS jobs
[17.790s] [100%] Built target _rclpy_pybind11
[17.796s] Invoked command in '/home/robot/Desktop/workspace/TSPML/script/ref/rclpy_ws/build/rclpy' returned '0': CMAKE_PREFIX_PATH=/opt/ros/humble CONDA_PROMPT_MODIFIER=(base) /usr/bin/cmake --build /home/robot/Desktop/workspace/TSPML/script/ref/rclpy_ws/build/rclpy -- -j20 -l20
[17.844s] Invoking command in '/home/robot/Desktop/workspace/TSPML/script/ref/rclpy_ws/build/rclpy': CMAKE_PREFIX_PATH=/opt/ros/humble CONDA_PROMPT_MODIFIER=(base) /usr/bin/cmake --install /home/robot/Desktop/workspace/TSPML/script/ref/rclpy_ws/build/rclpy
[17.849s] -- Install configuration: ""
[17.849s] -- Execute custom install script
[17.849s] -- Symlinking: /home/robot/Desktop/workspace/TSPML/script/ref/rclpy_ws/install/rclpy/share/rclpy/environment/pythonpath.sh
[17.854s] -- Symlinking: /home/robot/Desktop/workspace/TSPML/script/ref/rclpy_ws/install/rclpy/share/rclpy/environment/pythonpath.dsv
[17.859s] -- Symlinking: /home/robot/Desktop/workspace/TSPML/script/ref/rclpy_ws/install/rclpy/lib/python3.10/site-packages/rclpy-3.3.9-py3.10.egg-info/PKG-INFO
[17.863s] -- Symlinking: /home/robot/Desktop/workspace/TSPML/script/ref/rclpy_ws/install/rclpy/lib/python3.10/site-packages/rclpy-3.3.9-py3.10.egg-info/SOURCES.txt
[17.868s] -- Symlinking: /home/robot/Desktop/workspace/TSPML/script/ref/rclpy_ws/install/rclpy/lib/python3.10/site-packages/rclpy-3.3.9-py3.10.egg-info/dependency_links.txt
[17.873s] -- Symlinking: /home/robot/Desktop/workspace/TSPML/script/ref/rclpy_ws/install/rclpy/lib/python3.10/site-packages/rclpy-3.3.9-py3.10.egg-info/top_level.txt
[17.878s] -- Symlinking: /home/robot/Desktop/workspace/TSPML/script/ref/rclpy_ws/install/rclpy/lib/python3.10/site-packages/rclpy/__init__.py
[17.883s] -- Symlinking: /home/robot/Desktop/workspace/TSPML/script/ref/rclpy_ws/install/rclpy/lib/python3.10/site-packages/rclpy/action/__init__.py
[17.888s] -- Symlinking: /home/robot/Desktop/workspace/TSPML/script/ref/rclpy_ws/install/rclpy/lib/python3.10/site-packages/rclpy/action/client.py
[17.892s] -- Symlinking: /home/robot/Desktop/workspace/TSPML/script/ref/rclpy_ws/install/rclpy/lib/python3.10/site-packages/rclpy/action/graph.py
[17.897s] -- Symlinking: /home/robot/Desktop/workspace/TSPML/script/ref/rclpy_ws/install/rclpy/lib/python3.10/site-packages/rclpy/action/server.py
[17.901s] -- Symlinking: /home/robot/Desktop/workspace/TSPML/script/ref/rclpy_ws/install/rclpy/lib/python3.10/site-packages/rclpy/callback_groups.py
[17.906s] -- Symlinking: /home/robot/Desktop/workspace/TSPML/script/ref/rclpy_ws/install/rclpy/lib/python3.10/site-packages/rclpy/client.py
[17.911s] -- Symlinking: /home/robot/Desktop/workspace/TSPML/script/ref/rclpy_ws/install/rclpy/lib/python3.10/site-packages/rclpy/clock.py
[17.916s] -- Symlinking: /home/robot/Desktop/workspace/TSPML/script/ref/rclpy_ws/install/rclpy/lib/python3.10/site-packages/rclpy/constants.py
[17.920s] -- Symlinking: /home/robot/Desktop/workspace/TSPML/script/ref/rclpy_ws/install/rclpy/lib/python3.10/site-packages/rclpy/context.py
[17.925s] -- Symlinking: /home/robot/Desktop/workspace/TSPML/script/ref/rclpy_ws/install/rclpy/lib/python3.10/site-packages/rclpy/duration.py
[17.929s] -- Symlinking: /home/robot/Desktop/workspace/TSPML/script/ref/rclpy_ws/install/rclpy/lib/python3.10/site-packages/rclpy/exceptions.py
[17.933s] -- Symlinking: /home/robot/Desktop/workspace/TSPML/script/ref/rclpy_ws/install/rclpy/lib/python3.10/site-packages/rclpy/executors.py
[17.938s] -- Symlinking: /home/robot/Desktop/workspace/TSPML/script/ref/rclpy_ws/install/rclpy/lib/python3.10/site-packages/rclpy/expand_topic_name.py
[17.943s] -- Symlinking: /home/robot/Desktop/workspace/TSPML/script/ref/rclpy_ws/install/rclpy/lib/python3.10/site-packages/rclpy/guard_condition.py
[17.948s] -- Symlinking: /home/robot/Desktop/workspace/TSPML/script/ref/rclpy_ws/install/rclpy/lib/python3.10/site-packages/rclpy/impl/__init__.py
[17.952s] -- Symlinking: /home/robot/Desktop/workspace/TSPML/script/ref/rclpy_ws/install/rclpy/lib/python3.10/site-packages/rclpy/impl/implementation_singleton.py
[17.957s] -- Symlinking: /home/robot/Desktop/workspace/TSPML/script/ref/rclpy_ws/install/rclpy/lib/python3.10/site-packages/rclpy/impl/logging_severity.py
[17.962s] -- Symlinking: /home/robot/Desktop/workspace/TSPML/script/ref/rclpy_ws/install/rclpy/lib/python3.10/site-packages/rclpy/impl/rcutils_logger.py
[17.966s] -- Symlinking: /home/robot/Desktop/workspace/TSPML/script/ref/rclpy_ws/install/rclpy/lib/python3.10/site-packages/rclpy/lifecycle/__init__.py
[17.971s] -- Symlinking: /home/robot/Desktop/workspace/TSPML/script/ref/rclpy_ws/install/rclpy/lib/python3.10/site-packages/rclpy/lifecycle/managed_entity.py
[17.976s] -- Symlinking: /home/robot/Desktop/workspace/TSPML/script/ref/rclpy_ws/install/rclpy/lib/python3.10/site-packages/rclpy/lifecycle/node.py
[17.980s] -- Symlinking: /home/robot/Desktop/workspace/TSPML/script/ref/rclpy_ws/install/rclpy/lib/python3.10/site-packages/rclpy/lifecycle/publisher.py
[17.985s] -- Symlinking: /home/robot/Desktop/workspace/TSPML/script/ref/rclpy_ws/install/rclpy/lib/python3.10/site-packages/rclpy/logging.py
[17.990s] -- Symlinking: /home/robot/Desktop/workspace/TSPML/script/ref/rclpy_ws/install/rclpy/lib/python3.10/site-packages/rclpy/node.py
[17.994s] -- Symlinking: /home/robot/Desktop/workspace/TSPML/script/ref/rclpy_ws/install/rclpy/lib/python3.10/site-packages/rclpy/parameter.py
[17.998s] -- Symlinking: /home/robot/Desktop/workspace/TSPML/script/ref/rclpy_ws/install/rclpy/lib/python3.10/site-packages/rclpy/parameter_service.py
[18.003s] -- Symlinking: /home/robot/Desktop/workspace/TSPML/script/ref/rclpy_ws/install/rclpy/lib/python3.10/site-packages/rclpy/publisher.py
[18.008s] -- Symlinking: /home/robot/Desktop/workspace/TSPML/script/ref/rclpy_ws/install/rclpy/lib/python3.10/site-packages/rclpy/qos.py
[18.012s] -- Symlinking: /home/robot/Desktop/workspace/TSPML/script/ref/rclpy_ws/install/rclpy/lib/python3.10/site-packages/rclpy/qos_event.py
[18.017s] -- Symlinking: /home/robot/Desktop/workspace/TSPML/script/ref/rclpy_ws/install/rclpy/lib/python3.10/site-packages/rclpy/qos_overriding_options.py
[18.021s] -- Symlinking: /home/robot/Desktop/workspace/TSPML/script/ref/rclpy_ws/install/rclpy/lib/python3.10/site-packages/rclpy/serialization.py
[18.026s] -- Symlinking: /home/robot/Desktop/workspace/TSPML/script/ref/rclpy_ws/install/rclpy/lib/python3.10/site-packages/rclpy/service.py
[18.030s] -- Symlinking: /home/robot/Desktop/workspace/TSPML/script/ref/rclpy_ws/install/rclpy/lib/python3.10/site-packages/rclpy/signals.py
[18.035s] -- Symlinking: /home/robot/Desktop/workspace/TSPML/script/ref/rclpy_ws/install/rclpy/lib/python3.10/site-packages/rclpy/subscription.py
[18.040s] -- Symlinking: /home/robot/Desktop/workspace/TSPML/script/ref/rclpy_ws/install/rclpy/lib/python3.10/site-packages/rclpy/task.py
[18.044s] -- Symlinking: /home/robot/Desktop/workspace/TSPML/script/ref/rclpy_ws/install/rclpy/lib/python3.10/site-packages/rclpy/time.py
[18.049s] -- Symlinking: /home/robot/Desktop/workspace/TSPML/script/ref/rclpy_ws/install/rclpy/lib/python3.10/site-packages/rclpy/time_source.py
[18.054s] -- Symlinking: /home/robot/Desktop/workspace/TSPML/script/ref/rclpy_ws/install/rclpy/lib/python3.10/site-packages/rclpy/timer.py
[18.058s] -- Symlinking: /home/robot/Desktop/workspace/TSPML/script/ref/rclpy_ws/install/rclpy/lib/python3.10/site-packages/rclpy/topic_endpoint_info.py
[18.062s] -- Symlinking: /home/robot/Desktop/workspace/TSPML/script/ref/rclpy_ws/install/rclpy/lib/python3.10/site-packages/rclpy/topic_or_service_is_hidden.py
[18.067s] -- Symlinking: /home/robot/Desktop/workspace/TSPML/script/ref/rclpy_ws/install/rclpy/lib/python3.10/site-packages/rclpy/type_support.py
[18.072s] -- Symlinking: /home/robot/Desktop/workspace/TSPML/script/ref/rclpy_ws/install/rclpy/lib/python3.10/site-packages/rclpy/utilities.py
[18.076s] -- Symlinking: /home/robot/Desktop/workspace/TSPML/script/ref/rclpy_ws/install/rclpy/lib/python3.10/site-packages/rclpy/validate_full_topic_name.py
[18.081s] -- Symlinking: /home/robot/Desktop/workspace/TSPML/script/ref/rclpy_ws/install/rclpy/lib/python3.10/site-packages/rclpy/validate_namespace.py
[18.085s] -- Symlinking: /home/robot/Desktop/workspace/TSPML/script/ref/rclpy_ws/install/rclpy/lib/python3.10/site-packages/rclpy/validate_node_name.py
[18.090s] -- Symlinking: /home/robot/Desktop/workspace/TSPML/script/ref/rclpy_ws/install/rclpy/lib/python3.10/site-packages/rclpy/validate_parameter_name.py
[18.094s] -- Symlinking: /home/robot/Desktop/workspace/TSPML/script/ref/rclpy_ws/install/rclpy/lib/python3.10/site-packages/rclpy/validate_topic_name.py
[18.098s] -- Symlinking: /home/robot/Desktop/workspace/TSPML/script/ref/rclpy_ws/install/rclpy/lib/python3.10/site-packages/rclpy/waitable.py
[18.103s] -- Symlinking: /home/robot/Desktop/workspace/TSPML/script/ref/rclpy_ws/install/rclpy/lib/python3.10/site-packages/rclpy/_rclpy_pybind11.cpython-310-x86_64-linux-gnu.so
[18.108s] -- Symlinking: /home/robot/Desktop/workspace/TSPML/script/ref/rclpy_ws/install/rclpy/share/rclpy/environment/library_path.sh
[18.112s] -- Symlinking: /home/robot/Desktop/workspace/TSPML/script/ref/rclpy_ws/install/rclpy/share/rclpy/environment/library_path.dsv
[18.117s] -- Symlinking: /home/robot/Desktop/workspace/TSPML/script/ref/rclpy_ws/install/rclpy/share/ament_index/resource_index/package_run_dependencies/rclpy
[18.121s] -- Symlinking: /home/robot/Desktop/workspace/TSPML/script/ref/rclpy_ws/install/rclpy/share/ament_index/resource_index/parent_prefix_path/rclpy
[18.126s] -- Symlinking: /home/robot/Desktop/workspace/TSPML/script/ref/rclpy_ws/install/rclpy/share/rclpy/environment/ament_prefix_path.sh
[18.130s] -- Symlinking: /home/robot/Desktop/workspace/TSPML/script/ref/rclpy_ws/install/rclpy/share/rclpy/environment/ament_prefix_path.dsv
[18.135s] -- Symlinking: /home/robot/Desktop/workspace/TSPML/script/ref/rclpy_ws/install/rclpy/share/rclpy/environment/path.sh
[18.140s] -- Symlinking: /home/robot/Desktop/workspace/TSPML/script/ref/rclpy_ws/install/rclpy/share/rclpy/environment/path.dsv
[18.145s] -- Symlinking: /home/robot/Desktop/workspace/TSPML/script/ref/rclpy_ws/install/rclpy/share/rclpy/local_setup.bash
[18.150s] -- Symlinking: /home/robot/Desktop/workspace/TSPML/script/ref/rclpy_ws/install/rclpy/share/rclpy/local_setup.sh
[18.154s] -- Symlinking: /home/robot/Desktop/workspace/TSPML/script/ref/rclpy_ws/install/rclpy/share/rclpy/local_setup.zsh
[18.159s] -- Symlinking: /home/robot/Desktop/workspace/TSPML/script/ref/rclpy_ws/install/rclpy/share/rclpy/local_setup.dsv
[18.163s] -- Symlinking: /home/robot/Desktop/workspace/TSPML/script/ref/rclpy_ws/install/rclpy/share/rclpy/package.dsv
[18.168s] -- Symlinking: /home/robot/Desktop/workspace/TSPML/script/ref/rclpy_ws/install/rclpy/share/ament_index/resource_index/packages/rclpy
[18.173s] -- Symlinking: /home/robot/Desktop/workspace/TSPML/script/ref/rclpy_ws/install/rclpy/share/rclpy/cmake/rclpyConfig.cmake
[18.178s] -- Symlinking: /home/robot/Desktop/workspace/TSPML/script/ref/rclpy_ws/install/rclpy/share/rclpy/cmake/rclpyConfig-version.cmake
[18.182s] -- Symlinking: /home/robot/Desktop/workspace/TSPML/script/ref/rclpy_ws/install/rclpy/share/rclpy/package.xml
[18.228s] Listing '/home/robot/Desktop/workspace/TSPML/script/ref/rclpy_ws/install/rclpy/lib/python3.10/site-packages/rclpy'...
[18.228s] Compiling '/home/robot/Desktop/workspace/TSPML/script/ref/rclpy_ws/install/rclpy/lib/python3.10/site-packages/rclpy/__init__.py'...
[18.228s] Listing '/home/robot/Desktop/workspace/TSPML/script/ref/rclpy_ws/install/rclpy/lib/python3.10/site-packages/rclpy/action'...
[18.228s] Compiling '/home/robot/Desktop/workspace/TSPML/script/ref/rclpy_ws/install/rclpy/lib/python3.10/site-packages/rclpy/action/__init__.py'...
[18.228s] Compiling '/home/robot/Desktop/workspace/TSPML/script/ref/rclpy_ws/install/rclpy/lib/python3.10/site-packages/rclpy/action/client.py'...
[18.228s] Compiling '/home/robot/Desktop/workspace/TSPML/script/ref/rclpy_ws/install/rclpy/lib/python3.10/site-packages/rclpy/action/graph.py'...
[18.228s] Compiling '/home/robot/Desktop/workspace/TSPML/script/ref/rclpy_ws/install/rclpy/lib/python3.10/site-packages/rclpy/action/server.py'...
[18.228s] Compiling '/home/robot/Desktop/workspace/TSPML/script/ref/rclpy_ws/install/rclpy/lib/python3.10/site-packages/rclpy/callback_groups.py'...
[18.228s] Compiling '/home/robot/Desktop/workspace/TSPML/script/ref/rclpy_ws/install/rclpy/lib/python3.10/site-packages/rclpy/client.py'...
[18.228s] Compiling '/home/robot/Desktop/workspace/TSPML/script/ref/rclpy_ws/install/rclpy/lib/python3.10/site-packages/rclpy/clock.py'...
[18.229s] Compiling '/home/robot/Desktop/workspace/TSPML/script/ref/rclpy_ws/install/rclpy/lib/python3.10/site-packages/rclpy/constants.py'...
[18.229s] Compiling '/home/robot/Desktop/workspace/TSPML/script/ref/rclpy_ws/install/rclpy/lib/python3.10/site-packages/rclpy/context.py'...
[18.229s] Compiling '/home/robot/Desktop/workspace/TSPML/script/ref/rclpy_ws/install/rclpy/lib/python3.10/site-packages/rclpy/duration.py'...
[18.229s] Compiling '/home/robot/Desktop/workspace/TSPML/script/ref/rclpy_ws/install/rclpy/lib/python3.10/site-packages/rclpy/exceptions.py'...
[18.229s] Compiling '/home/robot/Desktop/workspace/TSPML/script/ref/rclpy_ws/install/rclpy/lib/python3.10/site-packages/rclpy/executors.py'...
[18.229s] Compiling '/home/robot/Desktop/workspace/TSPML/script/ref/rclpy_ws/install/rclpy/lib/python3.10/site-packages/rclpy/expand_topic_name.py'...
[18.229s] Compiling '/home/robot/Desktop/workspace/TSPML/script/ref/rclpy_ws/install/rclpy/lib/python3.10/site-packages/rclpy/guard_condition.py'...
[18.229s] Listing '/home/robot/Desktop/workspace/TSPML/script/ref/rclpy_ws/install/rclpy/lib/python3.10/site-packages/rclpy/impl'...
[18.229s] Compiling '/home/robot/Desktop/workspace/TSPML/script/ref/rclpy_ws/install/rclpy/lib/python3.10/site-packages/rclpy/impl/__init__.py'...
[18.229s] Compiling '/home/robot/Desktop/workspace/TSPML/script/ref/rclpy_ws/install/rclpy/lib/python3.10/site-packages/rclpy/impl/implementation_singleton.py'...
[18.229s] Compiling '/home/robot/Desktop/workspace/TSPML/script/ref/rclpy_ws/install/rclpy/lib/python3.10/site-packages/rclpy/impl/logging_severity.py'...
[18.229s] Compiling '/home/robot/Desktop/workspace/TSPML/script/ref/rclpy_ws/install/rclpy/lib/python3.10/site-packages/rclpy/impl/rcutils_logger.py'...
[18.229s] Listing '/home/robot/Desktop/workspace/TSPML/script/ref/rclpy_ws/install/rclpy/lib/python3.10/site-packages/rclpy/lifecycle'...
[18.229s] Compiling '/home/robot/Desktop/workspace/TSPML/script/ref/rclpy_ws/install/rclpy/lib/python3.10/site-packages/rclpy/lifecycle/__init__.py'...
[18.229s] Compiling '/home/robot/Desktop/workspace/TSPML/script/ref/rclpy_ws/install/rclpy/lib/python3.10/site-packages/rclpy/lifecycle/managed_entity.py'...
[18.229s] Compiling '/home/robot/Desktop/workspace/TSPML/script/ref/rclpy_ws/install/rclpy/lib/python3.10/site-packages/rclpy/lifecycle/node.py'...
[18.229s] Compiling '/home/robot/Desktop/workspace/TSPML/script/ref/rclpy_ws/install/rclpy/lib/python3.10/site-packages/rclpy/lifecycle/publisher.py'...
[18.229s] Compiling '/home/robot/Desktop/workspace/TSPML/script/ref/rclpy_ws/install/rclpy/lib/python3.10/site-packages/rclpy/logging.py'...
[18.229s] Compiling '/home/robot/Desktop/workspace/TSPML/script/ref/rclpy_ws/install/rclpy/lib/python3.10/site-packages/rclpy/node.py'...
[18.229s] Compiling '/home/robot/Desktop/workspace/TSPML/script/ref/rclpy_ws/install/rclpy/lib/python3.10/site-packages/rclpy/parameter.py'...
[18.229s] Compiling '/home/robot/Desktop/workspace/TSPML/script/ref/rclpy_ws/install/rclpy/lib/python3.10/site-packages/rclpy/parameter_service.py'...
[18.229s] Compiling '/home/robot/Desktop/workspace/TSPML/script/ref/rclpy_ws/install/rclpy/lib/python3.10/site-packages/rclpy/publisher.py'...
[18.229s] Compiling '/home/robot/Desktop/workspace/TSPML/script/ref/rclpy_ws/install/rclpy/lib/python3.10/site-packages/rclpy/qos.py'...
[18.229s] Compiling '/home/robot/Desktop/workspace/TSPML/script/ref/rclpy_ws/install/rclpy/lib/python3.10/site-packages/rclpy/qos_event.py'...
[18.229s] Compiling '/home/robot/Desktop/workspace/TSPML/script/ref/rclpy_ws/install/rclpy/lib/python3.10/site-packages/rclpy/qos_overriding_options.py'...
[18.229s] Compiling '/home/robot/Desktop/workspace/TSPML/script/ref/rclpy_ws/install/rclpy/lib/python3.10/site-packages/rclpy/serialization.py'...
[18.229s] Compiling '/home/robot/Desktop/workspace/TSPML/script/ref/rclpy_ws/install/rclpy/lib/python3.10/site-packages/rclpy/service.py'...
[18.229s] Compiling '/home/robot/Desktop/workspace/TSPML/script/ref/rclpy_ws/install/rclpy/lib/python3.10/site-packages/rclpy/signals.py'...
[18.229s] Compiling '/home/robot/Desktop/workspace/TSPML/script/ref/rclpy_ws/install/rclpy/lib/python3.10/site-packages/rclpy/subscription.py'...
[18.229s] Compiling '/home/robot/Desktop/workspace/TSPML/script/ref/rclpy_ws/install/rclpy/lib/python3.10/site-packages/rclpy/task.py'...
[18.229s] Compiling '/home/robot/Desktop/workspace/TSPML/script/ref/rclpy_ws/install/rclpy/lib/python3.10/site-packages/rclpy/time.py'...
[18.229s] Compiling '/home/robot/Desktop/workspace/TSPML/script/ref/rclpy_ws/install/rclpy/lib/python3.10/site-packages/rclpy/time_source.py'...
[18.229s] Compiling '/home/robot/Desktop/workspace/TSPML/script/ref/rclpy_ws/install/rclpy/lib/python3.10/site-packages/rclpy/timer.py'...
[18.229s] Compiling '/home/robot/Desktop/workspace/TSPML/script/ref/rclpy_ws/install/rclpy/lib/python3.10/site-packages/rclpy/topic_endpoint_info.py'...
[18.229s] Compiling '/home/robot/Desktop/workspace/TSPML/script/ref/rclpy_ws/install/rclpy/lib/python3.10/site-packages/rclpy/topic_or_service_is_hidden.py'...
[18.229s] Compiling '/home/robot/Desktop/workspace/TSPML/script/ref/rclpy_ws/install/rclpy/lib/python3.10/site-packages/rclpy/type_support.py'...
[18.229s] Compiling '/home/robot/Desktop/workspace/TSPML/script/ref/rclpy_ws/install/rclpy/lib/python3.10/site-packages/rclpy/utilities.py'...
[18.229s] Compiling '/home/robot/Desktop/workspace/TSPML/script/ref/rclpy_ws/install/rclpy/lib/python3.10/site-packages/rclpy/validate_full_topic_name.py'...
[18.229s] Compiling '/home/robot/Desktop/workspace/TSPML/script/ref/rclpy_ws/install/rclpy/lib/python3.10/site-packages/rclpy/validate_namespace.py'...
[18.229s] Compiling '/home/robot/Desktop/workspace/TSPML/script/ref/rclpy_ws/install/rclpy/lib/python3.10/site-packages/rclpy/validate_node_name.py'...
[18.229s] Compiling '/home/robot/Desktop/workspace/TSPML/script/ref/rclpy_ws/install/rclpy/lib/python3.10/site-packages/rclpy/validate_parameter_name.py'...
[18.229s] Compiling '/home/robot/Desktop/workspace/TSPML/script/ref/rclpy_ws/install/rclpy/lib/python3.10/site-packages/rclpy/validate_topic_name.py'...
[18.230s] Compiling '/home/robot/Desktop/workspace/TSPML/script/ref/rclpy_ws/install/rclpy/lib/python3.10/site-packages/rclpy/waitable.py'...
[18.233s] Invoked command in '/home/robot/Desktop/workspace/TSPML/script/ref/rclpy_ws/build/rclpy' returned '0': CMAKE_PREFIX_PATH=/opt/ros/humble CONDA_PROMPT_MODIFIER=(base) /usr/bin/cmake --install /home/robot/Desktop/workspace/TSPML/script/ref/rclpy_ws/build/rclpy
