[0.012s] Invoking command in '/home/robot/Desktop/workspace/TSPML/script/ref/rclpy_ws/build/rclpy': CMAKE_PREFIX_PATH=/opt/ros/humble CONDA_PROMPT_MODIFIER=(base) /usr/bin/cmake /home/robot/Desktop/workspace/TSPML/script/ref/rclpy_ws/src/rclpy/rclpy -DAMENT_CMAKE_SYMLINK_INSTALL=1 -DCMAKE_INSTALL_PREFIX=/home/robot/Desktop/workspace/TSPML/script/ref/rclpy_ws/install/rclpy
[0.089s] -- The C compiler identification is GNU 11.4.0
[0.141s] -- The CXX compiler identification is GNU 11.4.0
[0.147s] -- Detecting C compiler ABI info
[0.184s] -- Detecting C compiler ABI info - done
[0.188s] -- Check for working C compiler: /usr/bin/cc - skipped
[0.189s] -- Detecting C compile features
[0.189s] -- Detecting C compile features - done
[0.191s] -- Detecting CXX compiler ABI info
[0.235s] -- Detecting CXX compiler ABI info - done
[0.239s] -- Check for working CXX compiler: /usr/bin/c++ - skipped
[0.239s] -- Detecting CXX compile features
[0.239s] -- Detecting CXX compile features - done
[0.242s] -- Found ament_cmake: 1.3.5 (/opt/ros/humble/share/ament_cmake/cmake)
[0.417s] -- Found Python3: /home/robot/mambaforge/bin/python3.10 (found version "3.10.12") found components: Interpreter 
[0.430s] Traceback (most recent call last):
[0.430s]   File "/opt/ros/humble/share/ament_cmake_core/cmake/package_templates/templates_2_cmake.py", line 21, in <module>
[0.430s]     from ament_package.templates import get_environment_hook_template_path
[0.430s] ModuleNotFoundError: No module named 'ament_package'
[0.432s] [31mCMake Error at /opt/ros/humble/share/ament_cmake_core/cmake/ament_cmake_package_templates-extras.cmake:41 (message):
[0.432s]   execute_process(/home/robot/mambaforge/bin/python3.10
[0.432s]   /opt/ros/humble/share/ament_cmake_core/cmake/package_templates/templates_2_cmake.py
[0.432s]   /home/robot/Desktop/workspace/TSPML/script/ref/rclpy_ws/build/rclpy/ament_cmake_package_templates/templates.cmake)
[0.432s]   returned error code 1
[0.432s] Call Stack (most recent call first):
[0.432s]   /opt/ros/humble/share/ament_cmake_core/cmake/ament_cmake_coreConfig.cmake:41 (include)
[0.432s]   /opt/ros/humble/share/ament_cmake/cmake/ament_cmake_export_dependencies-extras.cmake:15 (find_package)
[0.432s]   /opt/ros/humble/share/ament_cmake/cmake/ament_cmakeConfig.cmake:41 (include)
[0.432s]   CMakeLists.txt:26 (find_package)
[0.432s] 
[0.432s] [0m
[0.432s] -- Configuring incomplete, errors occurred!
[0.432s] See also "/home/robot/Desktop/workspace/TSPML/script/ref/rclpy_ws/build/rclpy/CMakeFiles/CMakeOutput.log".
[0.434s] Invoked command in '/home/robot/Desktop/workspace/TSPML/script/ref/rclpy_ws/build/rclpy' returned '1': CMAKE_PREFIX_PATH=/opt/ros/humble CONDA_PROMPT_MODIFIER=(base) /usr/bin/cmake /home/robot/Desktop/workspace/TSPML/script/ref/rclpy_ws/src/rclpy/rclpy -DAMENT_CMAKE_SYMLINK_INSTALL=1 -DCMAKE_INSTALL_PREFIX=/home/robot/Desktop/workspace/TSPML/script/ref/rclpy_ws/install/rclpy
