[35m[1mConsolidate compiler generated dependencies of target gtest_main[0m
[35m[1mConsolidate compiler generated dependencies of target gtest[0m
[35m[1mConsolidate compiler generated dependencies of target _rclpy_pybind11[0m
[  0%] Built target ament_cmake_python_symlink_rclpy
[  5%] Built target gtest_main
[ 10%] Built target gtest
[35m[1mConsolidate compiler generated dependencies of target test_python_allocator[0m
[ 16%] Built target test_python_allocator
[100%] Built target _rclpy_pybind11
running egg_info
writing rclpy.egg-info/PKG-INFO
writing dependency_links to rclpy.egg-info/dependency_links.txt
writing top-level names to rclpy.egg-info/top_level.txt
reading manifest file 'rclpy.egg-info/SOURCES.txt'
writing manifest file 'rclpy.egg-info/SOURCES.txt'
[100%] Built target ament_cmake_python_build_rclpy_egg
-- Install configuration: ""
-- Execute custom install script
-- Up-to-date symlink: /home/robot/Desktop/workspace/TSPML/script/ref/rclpy_ws/install/rclpy/share/rclpy/environment/pythonpath.sh
-- Up-to-date symlink: /home/robot/Desktop/workspace/TSPML/script/ref/rclpy_ws/install/rclpy/share/rclpy/environment/pythonpath.dsv
-- Up-to-date symlink: /home/robot/Desktop/workspace/TSPML/script/ref/rclpy_ws/install/rclpy/lib/python3.10/site-packages/rclpy-3.3.9-py3.10.egg-info/PKG-INFO
-- Up-to-date symlink: /home/robot/Desktop/workspace/TSPML/script/ref/rclpy_ws/install/rclpy/lib/python3.10/site-packages/rclpy-3.3.9-py3.10.egg-info/SOURCES.txt
-- Up-to-date symlink: /home/robot/Desktop/workspace/TSPML/script/ref/rclpy_ws/install/rclpy/lib/python3.10/site-packages/rclpy-3.3.9-py3.10.egg-info/dependency_links.txt
-- Up-to-date symlink: /home/robot/Desktop/workspace/TSPML/script/ref/rclpy_ws/install/rclpy/lib/python3.10/site-packages/rclpy-3.3.9-py3.10.egg-info/top_level.txt
-- Up-to-date symlink: /home/robot/Desktop/workspace/TSPML/script/ref/rclpy_ws/install/rclpy/lib/python3.10/site-packages/rclpy/__init__.py
-- Up-to-date symlink: /home/robot/Desktop/workspace/TSPML/script/ref/rclpy_ws/install/rclpy/lib/python3.10/site-packages/rclpy/action/__init__.py
-- Up-to-date symlink: /home/robot/Desktop/workspace/TSPML/script/ref/rclpy_ws/install/rclpy/lib/python3.10/site-packages/rclpy/action/client.py
-- Up-to-date symlink: /home/robot/Desktop/workspace/TSPML/script/ref/rclpy_ws/install/rclpy/lib/python3.10/site-packages/rclpy/action/graph.py
-- Up-to-date symlink: /home/robot/Desktop/workspace/TSPML/script/ref/rclpy_ws/install/rclpy/lib/python3.10/site-packages/rclpy/action/server.py
-- Up-to-date symlink: /home/robot/Desktop/workspace/TSPML/script/ref/rclpy_ws/install/rclpy/lib/python3.10/site-packages/rclpy/callback_groups.py
-- Up-to-date symlink: /home/robot/Desktop/workspace/TSPML/script/ref/rclpy_ws/install/rclpy/lib/python3.10/site-packages/rclpy/client.py
-- Up-to-date symlink: /home/robot/Desktop/workspace/TSPML/script/ref/rclpy_ws/install/rclpy/lib/python3.10/site-packages/rclpy/clock.py
-- Up-to-date symlink: /home/robot/Desktop/workspace/TSPML/script/ref/rclpy_ws/install/rclpy/lib/python3.10/site-packages/rclpy/constants.py
-- Up-to-date symlink: /home/robot/Desktop/workspace/TSPML/script/ref/rclpy_ws/install/rclpy/lib/python3.10/site-packages/rclpy/context.py
-- Up-to-date symlink: /home/robot/Desktop/workspace/TSPML/script/ref/rclpy_ws/install/rclpy/lib/python3.10/site-packages/rclpy/duration.py
-- Up-to-date symlink: /home/robot/Desktop/workspace/TSPML/script/ref/rclpy_ws/install/rclpy/lib/python3.10/site-packages/rclpy/exceptions.py
-- Up-to-date symlink: /home/robot/Desktop/workspace/TSPML/script/ref/rclpy_ws/install/rclpy/lib/python3.10/site-packages/rclpy/executors.py
-- Up-to-date symlink: /home/robot/Desktop/workspace/TSPML/script/ref/rclpy_ws/install/rclpy/lib/python3.10/site-packages/rclpy/expand_topic_name.py
-- Up-to-date symlink: /home/robot/Desktop/workspace/TSPML/script/ref/rclpy_ws/install/rclpy/lib/python3.10/site-packages/rclpy/guard_condition.py
-- Up-to-date symlink: /home/robot/Desktop/workspace/TSPML/script/ref/rclpy_ws/install/rclpy/lib/python3.10/site-packages/rclpy/impl/__init__.py
-- Up-to-date symlink: /home/robot/Desktop/workspace/TSPML/script/ref/rclpy_ws/install/rclpy/lib/python3.10/site-packages/rclpy/impl/implementation_singleton.py
-- Up-to-date symlink: /home/robot/Desktop/workspace/TSPML/script/ref/rclpy_ws/install/rclpy/lib/python3.10/site-packages/rclpy/impl/logging_severity.py
-- Up-to-date symlink: /home/robot/Desktop/workspace/TSPML/script/ref/rclpy_ws/install/rclpy/lib/python3.10/site-packages/rclpy/impl/rcutils_logger.py
-- Up-to-date symlink: /home/robot/Desktop/workspace/TSPML/script/ref/rclpy_ws/install/rclpy/lib/python3.10/site-packages/rclpy/lifecycle/__init__.py
-- Up-to-date symlink: /home/robot/Desktop/workspace/TSPML/script/ref/rclpy_ws/install/rclpy/lib/python3.10/site-packages/rclpy/lifecycle/managed_entity.py
-- Up-to-date symlink: /home/robot/Desktop/workspace/TSPML/script/ref/rclpy_ws/install/rclpy/lib/python3.10/site-packages/rclpy/lifecycle/node.py
-- Up-to-date symlink: /home/robot/Desktop/workspace/TSPML/script/ref/rclpy_ws/install/rclpy/lib/python3.10/site-packages/rclpy/lifecycle/publisher.py
-- Up-to-date symlink: /home/robot/Desktop/workspace/TSPML/script/ref/rclpy_ws/install/rclpy/lib/python3.10/site-packages/rclpy/logging.py
-- Up-to-date symlink: /home/robot/Desktop/workspace/TSPML/script/ref/rclpy_ws/install/rclpy/lib/python3.10/site-packages/rclpy/node.py
-- Up-to-date symlink: /home/robot/Desktop/workspace/TSPML/script/ref/rclpy_ws/install/rclpy/lib/python3.10/site-packages/rclpy/parameter.py
-- Up-to-date symlink: /home/robot/Desktop/workspace/TSPML/script/ref/rclpy_ws/install/rclpy/lib/python3.10/site-packages/rclpy/parameter_service.py
-- Up-to-date symlink: /home/robot/Desktop/workspace/TSPML/script/ref/rclpy_ws/install/rclpy/lib/python3.10/site-packages/rclpy/publisher.py
-- Up-to-date symlink: /home/robot/Desktop/workspace/TSPML/script/ref/rclpy_ws/install/rclpy/lib/python3.10/site-packages/rclpy/qos.py
-- Up-to-date symlink: /home/robot/Desktop/workspace/TSPML/script/ref/rclpy_ws/install/rclpy/lib/python3.10/site-packages/rclpy/qos_event.py
-- Up-to-date symlink: /home/robot/Desktop/workspace/TSPML/script/ref/rclpy_ws/install/rclpy/lib/python3.10/site-packages/rclpy/qos_overriding_options.py
-- Up-to-date symlink: /home/robot/Desktop/workspace/TSPML/script/ref/rclpy_ws/install/rclpy/lib/python3.10/site-packages/rclpy/serialization.py
-- Up-to-date symlink: /home/robot/Desktop/workspace/TSPML/script/ref/rclpy_ws/install/rclpy/lib/python3.10/site-packages/rclpy/service.py
-- Up-to-date symlink: /home/robot/Desktop/workspace/TSPML/script/ref/rclpy_ws/install/rclpy/lib/python3.10/site-packages/rclpy/signals.py
-- Up-to-date symlink: /home/robot/Desktop/workspace/TSPML/script/ref/rclpy_ws/install/rclpy/lib/python3.10/site-packages/rclpy/subscription.py
-- Up-to-date symlink: /home/robot/Desktop/workspace/TSPML/script/ref/rclpy_ws/install/rclpy/lib/python3.10/site-packages/rclpy/task.py
-- Up-to-date symlink: /home/robot/Desktop/workspace/TSPML/script/ref/rclpy_ws/install/rclpy/lib/python3.10/site-packages/rclpy/time.py
-- Up-to-date symlink: /home/robot/Desktop/workspace/TSPML/script/ref/rclpy_ws/install/rclpy/lib/python3.10/site-packages/rclpy/time_source.py
-- Up-to-date symlink: /home/robot/Desktop/workspace/TSPML/script/ref/rclpy_ws/install/rclpy/lib/python3.10/site-packages/rclpy/timer.py
-- Up-to-date symlink: /home/robot/Desktop/workspace/TSPML/script/ref/rclpy_ws/install/rclpy/lib/python3.10/site-packages/rclpy/topic_endpoint_info.py
-- Up-to-date symlink: /home/robot/Desktop/workspace/TSPML/script/ref/rclpy_ws/install/rclpy/lib/python3.10/site-packages/rclpy/topic_or_service_is_hidden.py
-- Up-to-date symlink: /home/robot/Desktop/workspace/TSPML/script/ref/rclpy_ws/install/rclpy/lib/python3.10/site-packages/rclpy/type_support.py
-- Up-to-date symlink: /home/robot/Desktop/workspace/TSPML/script/ref/rclpy_ws/install/rclpy/lib/python3.10/site-packages/rclpy/utilities.py
-- Up-to-date symlink: /home/robot/Desktop/workspace/TSPML/script/ref/rclpy_ws/install/rclpy/lib/python3.10/site-packages/rclpy/validate_full_topic_name.py
-- Up-to-date symlink: /home/robot/Desktop/workspace/TSPML/script/ref/rclpy_ws/install/rclpy/lib/python3.10/site-packages/rclpy/validate_namespace.py
-- Up-to-date symlink: /home/robot/Desktop/workspace/TSPML/script/ref/rclpy_ws/install/rclpy/lib/python3.10/site-packages/rclpy/validate_node_name.py
-- Up-to-date symlink: /home/robot/Desktop/workspace/TSPML/script/ref/rclpy_ws/install/rclpy/lib/python3.10/site-packages/rclpy/validate_parameter_name.py
-- Up-to-date symlink: /home/robot/Desktop/workspace/TSPML/script/ref/rclpy_ws/install/rclpy/lib/python3.10/site-packages/rclpy/validate_topic_name.py
-- Up-to-date symlink: /home/robot/Desktop/workspace/TSPML/script/ref/rclpy_ws/install/rclpy/lib/python3.10/site-packages/rclpy/waitable.py
-- Up-to-date symlink: /home/robot/Desktop/workspace/TSPML/script/ref/rclpy_ws/install/rclpy/lib/python3.10/site-packages/rclpy/_rclpy_pybind11.cpython-310-x86_64-linux-gnu.so
-- Up-to-date symlink: /home/robot/Desktop/workspace/TSPML/script/ref/rclpy_ws/install/rclpy/share/rclpy/environment/library_path.sh
-- Up-to-date symlink: /home/robot/Desktop/workspace/TSPML/script/ref/rclpy_ws/install/rclpy/share/rclpy/environment/library_path.dsv
-- Up-to-date symlink: /home/robot/Desktop/workspace/TSPML/script/ref/rclpy_ws/install/rclpy/share/ament_index/resource_index/package_run_dependencies/rclpy
-- Up-to-date symlink: /home/robot/Desktop/workspace/TSPML/script/ref/rclpy_ws/install/rclpy/share/ament_index/resource_index/parent_prefix_path/rclpy
-- Up-to-date symlink: /home/robot/Desktop/workspace/TSPML/script/ref/rclpy_ws/install/rclpy/share/rclpy/environment/ament_prefix_path.sh
-- Up-to-date symlink: /home/robot/Desktop/workspace/TSPML/script/ref/rclpy_ws/install/rclpy/share/rclpy/environment/ament_prefix_path.dsv
-- Up-to-date symlink: /home/robot/Desktop/workspace/TSPML/script/ref/rclpy_ws/install/rclpy/share/rclpy/environment/path.sh
-- Up-to-date symlink: /home/robot/Desktop/workspace/TSPML/script/ref/rclpy_ws/install/rclpy/share/rclpy/environment/path.dsv
-- Up-to-date symlink: /home/robot/Desktop/workspace/TSPML/script/ref/rclpy_ws/install/rclpy/share/rclpy/local_setup.bash
-- Up-to-date symlink: /home/robot/Desktop/workspace/TSPML/script/ref/rclpy_ws/install/rclpy/share/rclpy/local_setup.sh
-- Up-to-date symlink: /home/robot/Desktop/workspace/TSPML/script/ref/rclpy_ws/install/rclpy/share/rclpy/local_setup.zsh
-- Up-to-date symlink: /home/robot/Desktop/workspace/TSPML/script/ref/rclpy_ws/install/rclpy/share/rclpy/local_setup.dsv
-- Symlinking: /home/robot/Desktop/workspace/TSPML/script/ref/rclpy_ws/install/rclpy/share/rclpy/package.dsv
-- Up-to-date symlink: /home/robot/Desktop/workspace/TSPML/script/ref/rclpy_ws/install/rclpy/share/ament_index/resource_index/packages/rclpy
-- Up-to-date symlink: /home/robot/Desktop/workspace/TSPML/script/ref/rclpy_ws/install/rclpy/share/rclpy/cmake/rclpyConfig.cmake
-- Up-to-date symlink: /home/robot/Desktop/workspace/TSPML/script/ref/rclpy_ws/install/rclpy/share/rclpy/cmake/rclpyConfig-version.cmake
-- Up-to-date symlink: /home/robot/Desktop/workspace/TSPML/script/ref/rclpy_ws/install/rclpy/share/rclpy/package.xml
Listing '/home/robot/Desktop/workspace/TSPML/script/ref/rclpy_ws/install/rclpy/lib/python3.10/site-packages/rclpy'...
Listing '/home/robot/Desktop/workspace/TSPML/script/ref/rclpy_ws/install/rclpy/lib/python3.10/site-packages/rclpy/action'...
Listing '/home/robot/Desktop/workspace/TSPML/script/ref/rclpy_ws/install/rclpy/lib/python3.10/site-packages/rclpy/impl'...
Listing '/home/robot/Desktop/workspace/TSPML/script/ref/rclpy_ws/install/rclpy/lib/python3.10/site-packages/rclpy/lifecycle'...
